"../../../Engine/Content/Functions/Engine_MaterialFunctions01/Opacity/CameraDepthFade.uasset" 0
"../../../Engine/Content/EngineMaterials/T_Default_Material_Grid_M.uasset" 1
"../../../Engine/Content/EngineMaterials/T_Default_Material_Grid_N.uasset" 2
"../../../Engine/Content/EngineMaterials/DefaultMaterial.uasset" 3
"../../../Engine/Content/BasicShapes/Cone.uasset" 4
"../../../Engine/Content/EditorLandscapeResources/DataLayer.uasset" 5
"../../../Engine/Content/EditorMaterials/GizmoMaterial.uasset" 6
"../../../Engine/Content/EditorMaterials/MAT_Groups_Toggle.uasset" 7
"../../../Engine/Content/EditorMaterials/MAT_Groups_Visibility.uasset" 8
"../../../Engine/Content/EditorMaterials/PreviewShadowIndicator.uasset" 9
"../../../Engine/Content/EditorMaterials/PreviewShadowIndicatorMaterial.uasset" 10
"../../../Engine/Content/EditorMaterials/AssetViewer/EpicQuadPanorama_CC+EV1.uasset" 11
"../../../Engine/Content/EditorMaterials/MatineeGroups/MAT_ColorTrack.uasset" 12
"../../../Engine/Content/EditorMaterials/MatineeGroups/MAT_Groups_Anim.uasset" 13
"../../../Engine/Content/EditorMaterials/MatineeGroups/MAT_Groups_AudioMaster.uasset" 14
"../../../Engine/Content/EditorMaterials/MatineeGroups/MAT_Groups_Director.uasset" 15
"../../../Engine/Content/EditorMaterials/MatineeGroups/MAT_Groups_Event.uasset" 16
"../../../Engine/Content/EditorMaterials/MatineeGroups/MAT_Groups_Fade.uasset" 17
"../../../Engine/Content/EditorMaterials/MatineeGroups/MAT_Groups_Float.uasset" 18
"../../../Engine/Content/EditorMaterials/MatineeGroups/MAT_Groups_Move.uasset" 19
"../../../Engine/Content/EditorMaterials/MatineeGroups/MAT_Groups_Slomo.uasset" 20
"../../../Engine/Content/EditorMaterials/MatineeGroups/MAT_Groups_Sound.uasset" 21
"../../../Engine/Content/EditorMaterials/MatineeGroups/MAT_Groups_Vector.uasset" 22
"../../../Engine/Content/EditorMaterials/ParticleSystems/PSysThumbnail_NoImage.uasset" 23
"../../../Engine/Content/EditorMaterials/ParticleSystems/PSysThumbnail_OOD.uasset" 24
"../../../Engine/Content/EditorMaterials/Camera/CineMat.uasset" 25
"../../../Engine/Content/EditorMaterials/Camera/MI_CineMat_Rig.uasset" 26
"../../../Engine/Content/EditorMeshes/Camera/SM_CraneRig_Arm.uasset" 27
"../../../Engine/Content/EditorMeshes/Camera/SM_CraneRig_Base.uasset" 28
"../../../Engine/Content/EditorMeshes/Camera/SM_CraneRig_Body.uasset" 29
"../../../Engine/Content/EditorMeshes/Camera/SM_CraneRig_Mount.uasset" 30
"../../../Engine/Content/EditorMeshes/Camera/SM_RailRig_Mount.uasset" 31
"../../../Engine/Content/EditorMeshes/Camera/SM_RailRig_Track.uasset" 32
"../../../Engine/Content/EditorMeshes/ColorCalibrator/M_ChromeBall.uasset" 33
"../../../Engine/Content/EditorMeshes/ColorCalibrator/M_ClearCoat.uasset" 34
"../../../Engine/Content/EditorMeshes/ColorCalibrator/M_ClearCoatBlack.uasset" 35
"../../../Engine/Content/EditorMeshes/ColorCalibrator/T_ColorGrid.uasset" 36
"../../../Engine/Content/EditorMeshes/ColorCalibrator/M_ColorGrid.uasset" 37
"../../../Engine/Content/EditorMeshes/ColorCalibrator/M_GreyBall.uasset" 38
"../../../Engine/Content/EditorMeshes/ColorCalibrator/SM_ColorCalibrator.uasset" 39
"../../../Engine/Content/EditorResources/BSPVertex.uasset" 40
"../../../Engine/Content/EditorResources/EmptyActor.uasset" 41
"../../../Engine/Content/EditorResources/RGBTable16x1_AssetViewer.uasset" 42
"../../../Engine/Content/EditorResources/S_Actor.uasset" 43
"../../../Engine/Content/EditorResources/S_Trigger.uasset" 44
"../../../Engine/Content/EditorResources/LightIcons/S_LightError.uasset" 45
"../../../Engine/Content/EditorResources/SequenceRecorder/Countdown.uasset" 46
"../../../Engine/Content/EditorResources/SequenceRecorder/RecordingIndicator.uasset" 47
"../../../Engine/Content/EditorSounds/Notifications/CompileFailed.uasset" 48
"../../../Engine/Content/EditorSounds/Notifications/CompileFailed_Cue.uasset" 49
"../../../Engine/Content/EditorSounds/Notifications/CompileSuccess.uasset" 50
"../../../Engine/Content/EditorSounds/Notifications/CompileStart_Cue.uasset" 51
"../../../Engine/Content/EditorSounds/Notifications/CompileSuccess_Cue.uasset" 52
"../../../Engine/Content/EngineDamageTypes/DmgTypeBP_Environmental.uasset" 53
"../../../Engine/Content/EngineDebugMaterials/HeatmapGradient.uasset" 54
"../../../Engine/Content/EngineDebugMaterials/BoneWeightMaterial.uasset" 55
"../../../Engine/Content/EngineDebugMaterials/DebugMeshMaterial.uasset" 56
"../../../Engine/Content/EngineDebugMaterials/GeomMaterial.uasset" 57
"../../../Engine/Content/EngineFonts/Faces/RobotoBold.uasset" 58
"../../../Engine/Content/EngineFonts/Faces/RobotoBoldItalic.uasset" 59
"../../../Engine/Content/EngineFonts/Faces/RobotoItalic.uasset" 60
"../../../Engine/Content/EngineFonts/Faces/RobotoLight.uasset" 61
"../../../Engine/Content/EngineFonts/Faces/RobotoRegular.uasset" 62
"../../../Engine/Content/EngineFonts/Roboto.uasset" 63
"../../../Engine/Content/EngineFonts/Faces/RobotoTiny.uasset" 64
"../../../Engine/Content/EngineFonts/RobotoTiny.uasset" 65
"../../../Engine/Content/EngineMaterials/DefaultBokeh.uasset" 66
"../../../Engine/Content/EngineMaterials/DefaultDiffuse.uasset" 67
"../../../Engine/Content/EngineMaterials/DefaultDeferredDecalMaterial.uasset" 68
"../../../Engine/Content/EngineMaterials/DefaultLightFunctionMaterial.uasset" 69
"../../../Engine/Content/Functions/Engine_MaterialFunctions02/Utility/BreakOutFloat2Components.uasset" 70
"../../../Engine/Content/EngineMaterials/DefaultPostProcessMaterial.uasset" 71
"../../../Engine/Content/EngineFonts/RobotoDistanceField.uasset" 72
"../../../Engine/Content/EngineMaterials/DefaultTextMaterialOpaque.uasset" 73
"../../../Engine/Content/EngineMaterials/DefaultWhiteGrid.uasset" 74
"../../../Engine/Content/EngineMaterials/EditorBrushMaterial.uasset" 75
"../../../Engine/Content/EngineMaterials/MiniFont.uasset" 76
"../../../Engine/Content/EngineMaterials/InvalidLightmapSettings.uasset" 77
"../../../Engine/Content/EngineMaterials/M_InvalidLightmapSettings.uasset" 78
"../../../Engine/Content/EngineMaterials/PhAT_JointLimitMaterial.uasset" 79
"../../../Engine/Content/EngineMaterials/PreintegratedSkinBRDF.uasset" 80
"../../../Engine/Content/EngineMaterials/RemoveSurfaceMaterial.uasset" 81
"../../../Engine/Content/EngineMaterials/WeightMapPlaceholderTexture.uasset" 82
"../../../Engine/Content/EngineResources/WhiteSquareTexture.uasset" 83
"../../../Engine/Content/EngineMaterials/Widget3DPassThrough.uasset" 84
"../../../Engine/Content/EngineMaterials/Widget3DPassThrough_Masked.uasset" 85
"../../../Engine/Content/EngineMaterials/Widget3DPassThrough_Opaque.uasset" 86
"../../../Engine/Content/EngineMaterials/Widget3DPassThrough_Masked_OneSided.uasset" 87
"../../../Engine/Content/EngineMaterials/Widget3DPassThrough_Opaque_OneSided.uasset" 88
"../../../Engine/Content/EngineMaterials/Widget3DPassThrough_Translucent.uasset" 89
"../../../Engine/Content/EngineMaterials/Widget3DPassThrough_Translucent_OneSided.uasset" 90
"../../../Engine/Content/EngineMeshes/Cube.uasset" 91
"../../../Engine/Content/EngineMeshes/Cylinder.uasset" 92
"../../../Engine/Content/EngineMeshes/Sphere.uasset" 93
"../../../Engine/Content/EngineResources/Black.uasset" 94
"../../../Engine/Content/EngineResources/DefaultTexture.uasset" 95
"../../../Engine/Content/EngineResources/DefaultTextureCube.uasset" 96
"../../../Engine/Content/EngineResources/GradientTexture0.uasset" 97
"../../../Engine/Content/EngineSounds/Master.uasset" 98
"../../../Engine/Content/Functions/Engine_MaterialFunctions01/Shading/ConvertFromDiffSpec.uasset" 99
"../../../Engine/Content/Functions/Engine_MaterialFunctions01/Shading/PowerToRoughness.uasset" 100
"../../../Engine/Content/Maps/Templates/Thumbnails/Default.uasset" 101
"../../../Engine/Content/Maps/Templates/Thumbnails/VR-Basic.uasset" 102
"../../../Engine/Content/MobileResources/T_MobileControls_texture.uasset" 103
"../../../Engine/Content/MobileResources/T_MobileMenu2.uasset" 104
"../../../Engine/Content/MobileResources/HUD/AnalogHat.uasset" 105
"../../../Engine/Content/MobileResources/HUD/VirtualJoystick_Background.uasset" 106
"../../../Engine/Content/MobileResources/HUD/VirtualJoystick_Thumb.uasset" 107
"../../../Engine/Content/MobileResources/HUD/DefaultVirtualJoysticks.uasset" 108
"../../../Engine/Content/MobileResources/HUD/LeftVirtualJoystickOnly.uasset" 109
"../../../Engine/Content/MobileResources/HUD/MobileHUDButton1_off.uasset" 110
"../../../Engine/Content/MobileResources/HUD/MobileHUDButton1_on.uasset" 111
"../../../Engine/Content/MobileResources/HUD/MobileHUDButton2_off.uasset" 112
"../../../Engine/Content/MobileResources/HUD/MobileHUDButton2_on.uasset" 113
"../../../Engine/Content/MobileResources/HUD/MobileHUDButton3.uasset" 114
"../../../Engine/Content/MobileResources/HUD/MobileHUDButtonFire.uasset" 115
"../../../Engine/Content/MobileResources/HUD/MobileHUDDirectionPad.uasset" 116
"../../../Engine/Content/MobileResources/HUD/MobileHUDDirectionPad2.uasset" 117
"../../../Engine/Content/MobileResources/HUD/MobileHUDDirectionPad3.uasset" 118
"../../../Engine/Content/MobileResources/HUD/MobileHUDDirectionStick.uasset" 119
"../../../Engine/Content/MobileResources/HUD/T_Castle_ThumbstickInner.uasset" 120
"../../../Engine/Content/MobileResources/HUD/T_Castle_ThumbstickOutter.uasset" 121
"../../../Engine/Content/Tutorial/ContentIntroCurve.uasset" 122
"../../../Engine/Content/Tutorial/Basics/TutorialAssets/icon_tab_Levels_40x.uasset" 123
"../../../Engine/Content/Tutorial/BlueprintTutorials/TutorialAssets/BlueprintInterface_64x.uasset" 124
"../../../Engine/Content/Tutorial/BlueprintTutorials/TutorialAssets/BlueprintMacroLibrary_64x.uasset" 125
"../../../Engine/Content/Tutorial/BlueprintTutorials/TutorialAssets/Blueprint_64x.uasset" 126
"../../../Engine/Content/Tutorial/BlueprintTutorials/TutorialAssets/Tutorial_BP_Interface.uasset" 127
"../../../Engine/Content/Tutorial/Foliage/TutorialAssets/Foliage.uasset" 128
"../../../Engine/Content/Tutorial/Landscape/TutorialAssets/Landscape.uasset" 129
"../../../Engine/Content/Tutorial/Paper2D/TutorialAssets/Paper2DFlipbook_TutorialIcon.uasset" 130
"../../../Engine/Content/Tutorial/Paper2D/TutorialAssets/Paper2DSprite_TutorialIcon.uasset" 131
"../../../Engine/Content/Tutorial/SubEditors/TutorialAssets/icon_Editor_Preferences_General_40x.uasset" 132
"../../../Engine/Content/Tutorial/SubEditors/TutorialAssets/icon_ShowSkeletalMeshes_40x.uasset" 133
"../../../Engine/Content/Tutorial/SubEditors/TutorialAssets/TutorialMaterial.uasset" 134
"../../../Engine/Content/Tutorial/SubEditors/TutorialAssets/T_SmokeSubUV_8X8.uasset" 135
"../../../Engine/Content/Tutorial/SubEditors/TutorialAssets/T_soft_smoke.uasset" 136
"../../../Engine/Content/Tutorial/SubEditors/TutorialAssets/M_smoke_subUV_blackbody.uasset" 137
"../../../Engine/Content/Tutorial/SubEditors/TutorialAssets/TutorialParticleSystem.uasset" 138
"../../../Engine/Content/EngineMaterials/WorldGridMaterial.uasset" 139
"../../../Engine/Content/EditorMeshes/EditorCube.uasset" 140
"../../../Engine/Content/Tutorial/SubEditors/TutorialAssets/Tutorial_DM.uasset" 141
"../../../Engine/Content/VREditor/Devices/Generic/GenericHMDMaterial.uasset" 142
"../../../Engine/Content/VREditor/Devices/Generic/GenericHMD.uasset" 143
"../../../Engine/Content/VREditor/FloatingText/LineMaterial.uasset" 144
"../../../Engine/Content/VREditor/FloatingText/JointSphere.uasset" 145
"../../../Engine/Content/VREditor/FloatingText/LineSegmentCylinder.uasset" 146
"../../../Engine/Content/VREditor/Fonts/VRText_RobotoLarge.uasset" 147
"../../../Engine/Content/VREditor/Fonts/VRTextMaterial.uasset" 148
"../../../Engine/Content/VREditor/Fonts/TranslucentVRTextMaterial.uasset" 149
"../../../Engine/Content/VREditor/LaserPointer/VR_LaserPower_01.uasset" 150
"../../../Engine/Content/VREditor/LaserPointer/LaserPointerMaterial.uasset" 151
"../../../Engine/Content/VREditor/LaserPointer/LaserPointerMaterialInst.uasset" 152
"../../../Engine/Content/VREditor/LaserPointer/TranslucentLaserPointerMaterialInst.uasset" 153
"../../../Engine/Content/VREditor/LaserPointer/LaserPointerMesh.uasset" 154
"../../../Engine/Content/VREditor/Sounds/VR_grab_Cue.uasset" 155
"../../../Engine/Content/VREditor/Sounds/VR_teleport_Cue.uasset" 156
"../../../Engine/Content/VREditor/TransformGizmo/TransformGizmoMaterial.uasset" 157
"../../../Engine/Content/VREditor/TransformGizmo/TranslucentTransformGizmoMaterial.uasset" 158
"../../../Engine/Content/VREditor/TransformGizmo/BoundingBoxCorner.uasset" 159
"../../../Engine/Content/VREditor/TransformGizmo/BoundingBoxEdge.uasset" 160
"../../../Engine/Content/VREditor/TransformGizmo/PlaneTranslationHandle.uasset" 161
"../../../Engine/Content/VREditor/TransformGizmo/RotationHandle.uasset" 162
"../../../Engine/Content/VREditor/TransformGizmo/RotationHandleFull.uasset" 163
"../../../Engine/Content/VREditor/TransformGizmo/StretchingHandle.uasset" 164
"../../../Engine/Content/VREditor/TransformGizmo/TranslateHandleLong.uasset" 165
"../../../Engine/Content/VREditor/TransformGizmo/TranslationHandle.uasset" 166
"../../../Engine/Content/VREditor/TransformGizmo/UniformScaleHandle.uasset" 167
"../../../Engine/Content/VREditor/UI/CloseButtonMesh.uasset" 168
"../../../Engine/Content/VREditor/UI/SelectionBarMesh.uasset" 169
"../../../Engine/Content/Functions/Engine_MaterialFunctions01/Gradient/RadialGradient.uasset" 170
"../../../Engine/Content/VREditor/WorldMovementGrid/SimpleGrid.uasset" 171
"../../../Engine/Content/VREditor/WorldMovementGrid/GridMaterial.uasset" 172
"../../../Engine/Content/Functions/Engine_MaterialFunctions01/Density/ExponentialDensity.uasset" 173
"../../../Engine/Content/VREditor/WorldMovementGrid/GridPostProcess.uasset" 174
"../../../Engine/Content/EditorLandscapeResources/FlattenHeightMat.uasset" 175
"../../../Engine/Content/VREditor/WorldMovementGrid/PlaneMesh.uasset" 176
"../../../saline/Content/acet_Blueprint.uasset" 177
"../../../saline/Content/WaterPlane/Lake/Textures/T_SmallWaves_N.uasset" 178
"../../../saline/Content/AcquaFridda.uasset" 179
"../../../saline/Content/ANTQUABI.uasset" 180
"../../../saline/Content/ANTQUAI.uasset" 181
"../../../saline/Content/ariblk.uasset" 182
"../../../saline/Content/Bitmap2Material_3_Normal_02.uasset" 183
"../../../saline/Content/BKANT.uasset" 184
"../../../saline/Content/cefalo/cefaloCuLossa_Skeleton.uasset" 185
"../../../saline/Content/cefalo/cefaloCuLossa_Anim.uasset" 186
"../../../saline/Content/cefalo/alpha.uasset" 187
"../../../saline/Content/cefalo/BumpCefalo2.uasset" 188
"../../../saline/Content/cefalo/diffuseCefalo2.uasset" 189
"../../../saline/Content/cefalo/n.uasset" 190
"../../../saline/Content/cefalo/cefaloMTL.uasset" 191
"../../../saline/Content/cefalo/cefaloCuLossa_PhysicsAsset.uasset" 192
"../../../saline/Content/cefalo/cefaloCuLossa.uasset" 193
"../../../saline/Content/cefaloCuLossa_Blueprint.uasset" 194
"../../../saline/Content/PlayerStart_Blueprint_cam.uasset" 195
"../../../saline/Content/coltivoSequence.uasset" 196
"../../../Engine/Content/BasicShapes/BasicShapeMaterial.uasset" 197
"../../../Engine/Content/BasicShapes/Cube.uasset" 198
"../../../saline/Content/cubeSelectingFlora_Blueprint.uasset" 199
"../../../saline/Content/LIvelloUNico2_BuiltData.uasset" 200
"../../../saline/Content/NewMaterial.uasset" 201
"../../../saline/Content/salineSpaccato/paleMulino/Material__390.uasset" 202
"../../../saline/Content/salineSpaccato/paleMulino/paelMulino_mulinoObject10026.uasset" 203
"../../../saline/Content/paelMulinoAnim.uasset" 204
"../../../saline/Content/pbjec.uasset" 205
"../../../saline/Content/IMAGES/WoodFine0065_6_M.uasset" 206
"../../../saline/Content/salineSpaccato/paleMulino/Material__383.uasset" 207
"../../../saline/Content/salineSpaccato/paleMulino/paelMulino_mulinoCylinder005.uasset" 208
"../../../saline/Content/rotationPole.uasset" 209
"../../../Engine/Content/Engine_MI_Shaders/T_Base_Tile_Normal.uasset" 210
"../../../Engine/Content/Functions/Engine_MaterialFunctions03/ComplexMotion/Motion_4WayChaos_Normal.uasset" 211
"../../../saline/Content/WaterPlane/Lake/Textures/T_MediumWaves_N.uasset" 212
"../../../saline/Content/water.uasset" 213
"../../../saline/Content/sea.uasset" 214
"../../../saline/Content/TestMAp_BuiltData.uasset" 215
"../../../saline/Content/Untitled_BuiltData.uasset" 216
"../../../saline/Content/salineSpaccato/mare01_Skeleton.uasset" 217
"../../../saline/Content/waves.uasset" 218
"../../../saline/Content/blueprint/objectClic.uasset" 219
"../../../saline/Content/blueprint/caure/01_-_Default.uasset" 220
"../../../Engine/Content/Functions/Engine_MaterialFunctions01/Gradient/RadialGradientExponential.uasset" 221
"../../../saline/Content/blueprint/caure/bacteria.uasset" 222
"../../../saline/Content/blueprint/caure/bacetria.uasset" 223
"../../../Engine/Content/Functions/Engine_MaterialFunctions01/Gradient/LinearGradient.uasset" 224
"../../../Engine/Content/Functions/Engine_MaterialFunctions01/ImageAdjustment/CheapContrast.uasset" 225
"../../../Engine/Content/Functions/Engine_MaterialFunctions01/Texturing/LocalAlignedTexture.uasset" 226
"../../../Engine/Content/Functions/Engine_MaterialFunctions01/Texturing/WorldAlignedTexture.uasset" 227
"../../../saline/Content/blueprint/caure/bacterioMAt.uasset" 228
"../../../saline/Content/blueprint/caure/bacterio.uasset" 229
"../../../saline/Content/blueprint/caure/bacterioBP.uasset" 230
"../../../saline/Content/rocks/T_SmallWaves_N.uasset" 231
"../../../saline/Content/blueprint/caure/caldeWater.uasset" 232
"../../../saline/Content/blueprint/caure/eye.uasset" 233
"../../../saline/Content/blueprint/FaunaFriddaWidget/circle02.uasset" 234
"../../../saline/Content/IMAGES/circleWave.uasset" 235
"../../../saline/Content/blueprint/caure/caure2.uasset" 236
"../../../saline/Content/blueprint/caure/normal.uasset" 237
"../../../saline/Content/blueprint/caure/renderTargetBacteria.uasset" 238
"../../../saline/Content/blueprint/FaunaFriddaWidget/Acetabularia_sp_20110530a.uasset" 239
"../../../saline/Content/blueprint/FaunaFriddaWidget/Aguglia.uasset" 240
"../../../saline/Content/blueprint/FaunaFriddaWidget/circle.uasset" 241
"../../../saline/Content/blueprint/FaunaFriddaWidget/home.uasset" 242
"../../../saline/Content/blueprint/FaunaFriddaWidget/if_home_216242.uasset" 243
"../../../saline/Content/blueprint/FaunaFriddaWidget/seaweed.uasset" 244
"../../../saline/Content/blueprint/floraFriddaWidget/Acetabularia_sp_20110530a.uasset" 245
"../../../saline/Content/blueprint/floraFriddaWidget/ruppia_maritima.uasset" 246
"../../../saline/Content/blueprint/salanti/07110823.uasset" 247
"../../../saline/Content/blueprint/salanti/bacterioBP.uasset" 248
"../../../saline/Content/CantuneNormals.uasset" 249
"../../../saline/Content/blueprint/salanti/SaltCristal.uasset" 250
"../../../saline/Content/Blueprints/bacterio.uasset" 251
"../../../saline/Content/IMAGES/07110823.uasset" 252
"../../../saline/Content/IMAGES/back.uasset" 253
"../../../saline/Content/IMAGES/calde.uasset" 254
"../../../saline/Content/IMAGES/Click-Download-PNG.uasset" 255
"../../../saline/Content/IMAGES/fridda.uasset" 256
"../../../saline/Content/IMAGES/Heightmap.uasset" 257
"../../../saline/Content/IMAGES/logo.uasset" 258
"../../../saline/Content/IMAGES/logo_footer.uasset" 259
"../../../saline/Content/IMAGES/pngBar.uasset" 260
"../../../saline/Content/IMAGES/hUDS/hudsPHERE.uasset" 261
"../../../Engine/Content/BasicShapes/Sphere.uasset" 262
"../../../saline/Content/Interactibles/Sphere_Int.uasset" 263
"../../../saline/Content/rocks/AM_vol4/Textures/T_AM_vol4_rock_02_N.uasset" 264
"../../../saline/Content/rocks/TexturesCom_SoilSand0108_1_seamless_S.uasset" 265
"../../../saline/Content/rocks/AM_vol4/Textures/T_AM_vol4_rock_02_BC_Mat.uasset" 266
"../../../saline/Content/Meshes/StaticMesh.uasset" 267
"../../../saline/Content/Movies/aphanius+/aphaniusMP_Video.uasset" 268
"../../../saline/Content/Movies/aphanius+/aphaniusMP.uasset" 269
"../../../saline/Content/Movies/artemia/ArtemiaSalinaMP_Video.uasset" 270
"../../../saline/Content/Movies/artemia/ArtemiaSalinaMP.uasset" 271
"../../../Engine/Content/EngineMaterials/OrientParticle.uasset" 272
"../../../Engine/Content/EngineMaterials/DefaultParticle.uasset" 273
"../../../saline/Content/particles/friddaPS.uasset" 274
"../../../Engine/Content/Functions/Engine_MaterialFunctions01/Gradient/DiamondGradient.uasset" 275
"../../../saline/Content/particles/salt.uasset" 276
"../../../saline/Content/particles/saltFalling.uasset" 277
"../../../Engine/Content/Functions/Engine_MaterialFunctions01/WorldPositionOffset/SimpleGrassWind.uasset" 278
"../../../Engine/Content/Functions/Engine_MaterialFunctions02/ObjectLocalToWorldData.uasset" 279
"../../../Engine/Content/Functions/Engine_MaterialFunctions02/Utility/VectorLength.uasset" 280
"../../../Engine/Content/Functions/Engine_MaterialFunctions02/WorldPositionOffset/ObjectScale.uasset" 281
"../../../Engine/Content/Functions/Engine_MaterialFunctions02/PivotPainter/PivotPainter_PerObjectData.uasset" 282
"../../../Engine/Content/Functions/Engine_MaterialFunctions02/WorldPositionOffset/Wind.uasset" 283
"../../../Engine/Content/Functions/Engine_MaterialFunctions02/PivotPainter/PivotPainter_PerObjectFoliageData.uasset" 284
"../../../Engine/Content/Functions/Engine_MaterialFunctions02/Texturing/ScreenAlignedPixelToPixelUVs.uasset" 285
"../../../Engine/Content/EngineMaterials/Good64x64TilingNoiseHighFreq.uasset" 286
"../../../Engine/Content/Functions/Engine_MaterialFunctions02/Utility/DitherTemporalAA.uasset" 287
"../../../saline/Content/PhotoR_Landscape_4/Materials/cordinates.uasset" 288
"../../../saline/Content/PhotoR_Landscape_4/Foliage/Heather/isle_plants_a_d.uasset" 289
"../../../saline/Content/PhotoR_Landscape_4/Foliage/Heather/isle_plants_a_f.uasset" 290
"../../../saline/Content/PhotoR_Landscape_4/Foliage/Heather/isle_plants_a_n.uasset" 291
"../../../saline/Content/PhotoR_Landscape_4/Textures/Grass_Noise.uasset" 292
"../../../saline/Content/PhotoR_Landscape_4/Textures/rock_a_n.uasset" 293
"../../../saline/Content/PhotoR_Landscape_4/Foliage/Heather/Heather_New.uasset" 294
"../../../saline/Content/PhotoR_Landscape_4/Foliage/Heather/Heather_New_Inst.uasset" 295
"../../../saline/Content/PhotoR_Landscape_4/Foliage/Grass/isle_plant_a_1.uasset" 296
"../../../saline/Content/PhotoR_Landscape_4/Foliage/Grass/isle_plant_a_2.uasset" 297
"../../../saline/Content/PhotoR_Landscape_4/Foliage/Grass/isle_plant_a_3.uasset" 298
"../../../saline/Content/PhotoR_Landscape_4/Foliage/Grass/grass_summer_b_d.uasset" 299
"../../../saline/Content/PhotoR_Landscape_4/Foliage/Grass/grass_summer_b_n.uasset" 300
"../../../saline/Content/PhotoR_Landscape_4/Foliage/Grass/Grass_summer_b_N_mat.uasset" 301
"../../../saline/Content/PhotoR_Landscape_4/Foliage/Grass/grass_b_d.uasset" 302
"../../../saline/Content/PhotoR_Landscape_4/Foliage/Grass/grass_b_n.uasset" 303
"../../../saline/Content/PhotoR_Landscape_4/Textures/ice_a_d.uasset" 304
"../../../saline/Content/PhotoR_Landscape_4/Foliage/Grass/Grass_b_N_mat_Inst.uasset" 305
"../../../saline/Content/PhotoR_Landscape_4/Foliage/Grass/grass_a.uasset" 306
"../../../saline/Content/PhotoR_Landscape_4/Foliage/Grass/grass_a_d.uasset" 307
"../../../saline/Content/PhotoR_Landscape_4/Foliage/Grass/grass_a_n.uasset" 308
"../../../saline/Content/PhotoR_Landscape_4/Foliage/Grass/Grass_a_N_mat_Inst.uasset" 309
"../../../saline/Content/PhotoR_Landscape_4/Foliage/Grass/grass_b.uasset" 310
"../../../saline/Content/PhotoR_Landscape_4/Foliage/Grass/grass_c.uasset" 311
"../../../saline/Content/PhotoR_Landscape_4/Foliage/GrassTypes/Island_grass_b.uasset" 312
"../../../saline/Content/PhotoR_Landscape_4/Foliage/Heather/flora_wind_alpha_heather.uasset" 313
"../../../saline/Content/PhotoR_Landscape_4/Foliage/Shrubs/shrubs_a_w.uasset" 314
"../../../saline/Content/PhotoR_Landscape_4/Foliage/Shrubs/shrubs_a_c.uasset" 315
"../../../saline/Content/PhotoR_Landscape_4/Foliage/Shrubs/shrubs_a_d.uasset" 316
"../../../saline/Content/PhotoR_Landscape_4/Foliage/Shrubs/shrubs_a_n.uasset" 317
"../../../saline/Content/PhotoR_Landscape_4/Foliage/Shrubs/Shrubs.uasset" 318
"../../../saline/Content/PhotoR_Landscape_4/Foliage/Shrubs/Shrubs_Inst.uasset" 319
"../../../saline/Content/PhotoR_Landscape_4/Foliage/Shrubs/shrubs_e.uasset" 320
"../../../saline/Content/PhotoR_Landscape_4/Foliage/Shrubs/shrubs_f.uasset" 321
"../../../Engine/Content/Functions/Engine_MaterialFunctions02/Utility/BlendAngleCorrectedNormals.uasset" 322
"../../../saline/Content/PhotoR_Landscape_4/Textures/global_splat_n.uasset" 323
"../../../saline/Content/PhotoR_Landscape_4/Textures/rock_a_d.uasset" 324
"../../../saline/Content/PhotoR_Landscape_4/Textures/snow_a_d.uasset" 325
"../../../saline/Content/PhotoR_Landscape_4/Textures/snow_a_n.uasset" 326
"../../../saline/Content/PhotoR_Landscape_4/Textures/snow_outer_d.uasset" 327
"../../../saline/Content/PhotoR_Landscape_4/Materials/global_splat_antarctica.uasset" 328
"../../../saline/Content/PhotoR_Landscape_4/Textures/erosion_d.uasset" 329
"../../../saline/Content/PhotoR_Landscape_4/Textures/erosion_n.uasset" 330
"../../../saline/Content/PhotoR_Landscape_4/Textures/grass_a_d.uasset" 331
"../../../saline/Content/PhotoR_Landscape_4/Textures/grass_a_n.uasset" 332
"../../../saline/Content/PhotoR_Landscape_4/Textures/grass_b_d.uasset" 333
"../../../saline/Content/PhotoR_Landscape_4/Textures/grass_b_n.uasset" 334
"../../../saline/Content/PhotoR_Landscape_4/Textures/ground_a_d.uasset" 335
"../../../saline/Content/PhotoR_Landscape_4/Textures/ground_a_n.uasset" 336
"../../../saline/Content/PhotoR_Landscape_4/Materials/global_splat_spring.uasset" 337
"../../../saline/Content/PhotoR_Landscape_4/Foliage/Shrubs/shrubs_b.uasset" 338
"../../../saline/Content/IMAGES/1-fine-sand-seamless-texture.uasset" 339
"../../../saline/Content/PhotoR_Landscape_4/Meshes/Rocks/isle_rocks_a_d.uasset" 340
"../../../saline/Content/PhotoR_Landscape_4/Meshes/Rocks/isle_rocks_detail.uasset" 341
"../../../saline/Content/PhotoR_Landscape_4/Meshes/Rocks/rock_2_n.uasset" 342
"../../../saline/Content/PhotoR_Landscape_4/Meshes/Rocks/rock_2_M.uasset" 343
"../../../saline/Content/PhotoR_Landscape_4/Meshes/Rocks/rock_2.uasset" 344
"../../../saline/Content/PhotoR_Landscape_4/Meshes/Rocks/rock_4_n.uasset" 345
"../../../saline/Content/PhotoR_Landscape_4/Meshes/Rocks/rock_4_M.uasset" 346
"../../../saline/Content/PhotoR_Landscape_4/Meshes/Rocks/rock_4.uasset" 347
"../../../saline/Content/PhotoR_Landscape_4/Foliage/GrassTypes/plain_a_grass_a.uasset" 348
"../../../saline/Content/PhotoR_Landscape_4/Foliage/GrassTypes/plain_a_grass_b.uasset" 349
"../../../saline/Content/PhotoR_Landscape_4/Foliage/Grass/Grass_summer_b_N_mat_Inst.uasset" 350
"../../../saline/Content/PhotoR_Landscape_4/Foliage/Grass/grass_summer_b1.uasset" 351
"../../../saline/Content/PhotoR_Landscape_4/Foliage/Grass/grass_summer_b2.uasset" 352
"../../../saline/Content/PhotoR_Landscape_4/Textures/ground_rock_d.uasset" 353
"../../../saline/Content/PhotoR_Landscape_4/Textures/ground_rock_n.uasset" 354
"../../../saline/Content/PhotoR_Landscape_4/Materials/ground_rocks.uasset" 355
"../../../saline/Content/PhotoR_Landscape_4/Meshes/rock_ground_1.uasset" 356
"../../../saline/Content/PhotoR_Landscape_4/Meshes/rock_ground_2.uasset" 357
"../../../saline/Content/PhotoR_Landscape_4/Meshes/rock_ground_3.uasset" 358
"../../../saline/Content/PhotoR_Landscape_4/Foliage/GrassTypes/plain_a_ground_a.uasset" 359
"../../../saline/Content/PhotoR_Landscape_4/Foliage/Grass/grass_fall_b_d.uasset" 360
"../../../saline/Content/PhotoR_Landscape_4/Foliage/Grass/grass_fall_b_n.uasset" 361
"../../../saline/Content/PhotoR_Landscape_4/Foliage/Grass/Grass_fall_b_N_mat_Inst.uasset" 362
"../../../saline/Content/PhotoR_Landscape_4/Foliage/Grass/grass_fall_b1.uasset" 363
"../../../saline/Content/PhotoR_Landscape_4/Foliage/GrassTypes/plain_a_ground_b.uasset" 364
"../../../saline/Content/PhotoR_Landscape_4/Foliage/Grass/grass_summer_a_d.uasset" 365
"../../../saline/Content/PhotoR_Landscape_4/Foliage/Grass/grass_summer_a_n.uasset" 366
"../../../saline/Content/PhotoR_Landscape_4/Foliage/Grass/Grass_summe_a_N_mat_Inst.uasset" 367
"../../../saline/Content/PhotoR_Landscape_4/Foliage/Grass/grass_summer_a1.uasset" 368
"../../../saline/Content/PhotoR_Landscape_4/Foliage/GrassTypes/plain_a_ground_c.uasset" 369
"../../../Engine/Content/Functions/Engine_MaterialFunctions02/Math/CreateThirdOrthogonalVector.uasset" 370
"../../../Engine/Content/Functions/Engine_MaterialFunctions02/Utility/BreakOutFloat3Components.uasset" 371
"../../../Engine/Content/Functions/Engine_MaterialFunctions02/Math/Transform3x3Matrix.uasset" 372
"../../../Engine/Content/Functions/Engine_MaterialFunctions02/Texturing/HeightLerp.uasset" 373
"../../../Engine/Content/Functions/Engine_MaterialFunctions02/Texturing/HeightLerpWithTwoHeightMaps.uasset" 374
"../../../Engine/Content/Functions/Engine_MaterialFunctions02/Utility/MakeFloat3.uasset" 375
"../../../Engine/Content/Functions/Engine_MaterialFunctions02/ExampleContent/Textures/SphereRenderNormalsMap.uasset" 376
"../../../Engine/Content/Functions/Engine_MaterialFunctions02/WorldAlignedNormals_HighQuality.uasset" 377
"../../../Engine/Content/EngineMaterials/DefaultNormal_Uncompressed.uasset" 378
"../../../Engine/Content/Functions/Engine_MaterialFunctions02/Texturing/WorldAlignedTextures_Complex.uasset" 379
"../../../Engine/Content/Functions/MaterialLayerFunctions/MatLayerBlend_SeparateNormalandColorClamps.uasset" 380
"../../../Engine/Content/Functions/MaterialLayerFunctions/MatLayerBlend_StandardWithDisplacement.uasset" 381
"../../../saline/Content/PhotoR_Landscape_4/Textures/rock_a_noise.uasset" 382
"../../../saline/Content/PhotoR_Landscape_4/Materials/MaterialLayers/Slope_rock.uasset" 383
"../../../saline/Content/PhotoR_Landscape_4/Textures/erosion_s.uasset" 384
"../../../saline/Content/PhotoR_Landscape_4/Textures/grass_b_s.uasset" 385
"../../../saline/Content/PhotoR_Landscape_4/Textures/grass_summer_a_d.uasset" 386
"../../../saline/Content/PhotoR_Landscape_4/Textures/grass_summer_a_n.uasset" 387
"../../../saline/Content/PhotoR_Landscape_4/Textures/grass_summer_a_s.uasset" 388
"../../../saline/Content/PhotoR_Landscape_4/Textures/grass_summer_b_d.uasset" 389
"../../../saline/Content/PhotoR_Landscape_4/Textures/grass_summer_b_n.uasset" 390
"../../../saline/Content/PhotoR_Landscape_4/Textures/grass_summer_b_s.uasset" 391
"../../../saline/Content/PhotoR_Landscape_4/Materials/PR_Plain_a.uasset" 392
"../../../saline/Content/PhotoR_Landscape_4/Textures/grass_a_s.uasset" 393
"../../../saline/Content/PhotoR_Landscape_4/Textures/grass_spring_b_d.uasset" 394
"../../../saline/Content/PhotoR_Landscape_4/Textures/grass_spring_b_n.uasset" 395
"../../../saline/Content/PhotoR_Landscape_4/Textures/grass_spring_b_s.uasset" 396
"../../../saline/Content/PhotoR_Landscape_4/Textures/ground_b_d.uasset" 397
"../../../saline/Content/PhotoR_Landscape_4/Textures/ground_b_n.uasset" 398
"../../../saline/Content/PhotoR_Landscape_4/Textures/ground_b_s.uasset" 399
"../../../saline/Content/PhotoR_Landscape_4/Materials/PR_Valley_a_ins.uasset" 400
"../../../saline/Content/PhotoR_Landscape_4/Materials/LandscapeLayers/Snow_LayerInfo.uasset" 401
"../../../saline/Content/PhotoR_Landscape_4/Meshes/ocean.uasset" 402
"../../../saline/Content/PhotoR_Landscape_4/Textures/flora_wind_alpha.uasset" 403
"../../../saline/Content/PhotoR_Landscape_4/Textures/gravel_a_s.uasset" 404
"../../../saline/Content/PhotoR_Landscape_4/Textures/ground_a_s.uasset" 405
"../../../saline/Content/PhotoR_Landscape_4/Textures/ocean_deep.uasset" 406
"../../../saline/Content/PhotoR_Landscape_4/Textures/rock_a_h.uasset" 407
"../../../saline/Content/PhotoR_Landscape_4/Textures/wed_sand.uasset" 408
"../../../saline/Content/rocks/AM_vol4/Textures/T_AM_vol4_rock_02_BC.uasset" 409
"../../../saline/Content/rocks/T_Boulder05_D_CC_R.uasset" 410
"../../../saline/Content/rocks/T_Boulder05_N.uasset" 411
"../../../saline/Content/rocks/MI_Boulder05a2.uasset" 412
"../../../saline/Content/rocks/MI_Boulder05a3_x_microscope3.uasset" 413
"../../../saline/Content/rocks/Material__55.uasset" 414
"../../../saline/Content/rocks/mudColtivoM_highPoly.uasset" 415
"../../../saline/Content/rocks/mudColtivoM_highPoly001.uasset" 416
"../../../saline/Content/rocks/TexturesCom_SoilCracked0146_1_seamless_S__1_.uasset" 417
"../../../saline/Content/rocks/T_Boulder05_D_CC_R2.uasset" 418
"../../../saline/Content/rocks/AM_vol4/Materials/M_AM_vol4_rock_01.uasset" 419
"../../../saline/Content/rocks/AM_vol4/Meshes/T_AM_vol4_rock_02_BC.uasset" 420
"../../../saline/Content/rocks/AM_vol4/Meshes/Material__25.uasset" 421
"../../../saline/Content/rocks/AM_vol4/Meshes/SM_AM_vol4_rockhigh_01_0.uasset" 422
"../../../saline/Content/salineSpaccato/01_-_Default.uasset" 423
"../../../saline/Content/WaterPlane/Ocean/Textures/T_LargeWaves_N.uasset" 424
"../../../saline/Content/WaterPlane/Ocean/Textures/T_MicroWaves_N.uasset" 425
"../../../saline/Content/salineSpaccato/freddaWater.uasset" 426
"../../../saline/Content/salineSpaccato/Mulino/Material__387.uasset" 427
"../../../saline/Content/salineSpaccato/Mulino/Material__388.uasset" 428
"../../../saline/Content/salineSpaccato/spaccato/Material__38.uasset" 429
"../../../saline/Content/salineSpaccato/spaccato/spaccato_fridda.uasset" 430
"../../../saline/Content/salineSpaccato/spaccato/Material__396.uasset" 431
"../../../saline/Content/salineSpaccato/spaccato/spaccato_mulinoTorus007.uasset" 432
"../../../saline/Content/salineSpaccato/spaccato/spaccato_mulinoTorus008.uasset" 433
"../../../saline/Content/IMAGES/ColtivoNormal_N.uasset" 434
"../../../saline/Content/salineSpaccato/spaccato/coltivo_02.uasset" 435
"../../../saline/Content/salineSpaccato/spaccato/Material__379.uasset" 436
"../../../saline/Content/salineSpaccato/spaccato/spaccato_Object9935.uasset" 437
"../../../saline/Content/sequences/CameraSeqToFridda.uasset" 438
"../../../saline/Content/sequences/camToFriddaMateneeLevelSequence.uasset" 439
"../../../saline/Content/Splash/EdSplash.uasset" 440
"../../../saline/Content/Splash/Splash.uasset" 441
"../../../saline/Content/WaterPlane/Lake/Materials/FriddaWater.uasset" 442
"../../../saline/Content/WaterPlane/Ocean/Materials/FakedCaustics.uasset" 443
"../../../Engine/Content/Functions/Engine_MaterialFunctions03/ComplexMotion/Motion_4WayChaos.uasset" 444
"../../../Engine/Content/MapTemplates/Sky/DaylightAmbientCubemap.uasset" 445
"../../../saline/Content/WaterPlane/Ocean/Materials/OceanWater_SS.uasset" 446
"../../../saline/Content/WaterPlane/Ocean/Textures/T_LargeWaves_H.uasset" 447
"../../../saline/Content/WaterPlane/Ocean/Textures/T_Seafoam_01.uasset" 448
"../../../saline/Content/WaterPlane/Ocean/Materials/M_OceanWater_1.uasset" 449
"../../../Engine/Content/MapTemplates/Sky/Desert_Outer_HDR.uasset" 450
"../../../saline/Content/WaterPlane/Ocean/Materials/M_OceanWater_1_Inst2.uasset" 451
"../../../saline/Content/WaterPlane/Ocean/Textures/T_OceanFoam_01.uasset" 452
"../../../saline/Content/WaterPlane/Environment/HDRI/HDRI_Epic_Courtyard_Daylight.uasset" 453
"../../../saline/Content/WaterPlane/Lake/Textures/T_MediumWaves_H.uasset" 454
"../../../saline/Content/WaterPlane/Translucent/Materials/dispWater.uasset" 455
"../../../saline/Content/WaterPlane/Translucent/Materials/fridda_Inst.uasset" 456
"../../../saline/Content/WaterPlane/Translucent/Materials/fridda.uasset" 457
"../../../saline/Content/WaterPlane/Translucent/Materials/M_TranslucentWater_Inst2.uasset" 458
"../../../saline/Content/WaterPlane/Translucent/Materials/M_TranslucentWater_Inst3.uasset" 459
"../../../Engine/Plugins/2D/Paper2D/Content/DummySprite.uasset" 460
"../../../Engine/Plugins/2D/Paper2D/Content/DefaultPaperTerrainMaterial.uasset" 461
"../../../Engine/Plugins/2D/Paper2D/Content/DefaultSpriteMaterial.uasset" 462
"../../../Engine/Plugins/2D/Paper2D/Content/MaskedUnlitSpriteMaterial.uasset" 463
"../../../Engine/Plugins/2D/Paper2D/Content/OpaqueUnlitSpriteMaterial.uasset" 464
"../../../Engine/Plugins/2D/Paper2D/Content/PlaceholderTextures/DummySpriteTexture.uasset" 465
"../../../saline/Content/PhotoR_Landscape_4/Foliage/Grass/isle_plants_c_d.uasset" 466
"../../../saline/Content/PhotoR_Landscape_4/Foliage/Grass/isle_plants_c_n.uasset" 467
"../../../saline/Content/PhotoR_Landscape_4/Foliage/Grass/Isle_plants_c_N_M.uasset" 468
"../../../saline/Content/PhotoR_Landscape_4/Foliage/Grass/isle_pland_c.uasset" 469
"../../../saline/Content/PhotoR_Landscape_4/Foliage/Heather/heather_a.uasset" 470
"../../../saline/Content/PhotoR_Landscape_4/Foliage/Heather/heather_b.uasset" 471
"../../../saline/Content/PhotoR_Landscape_4/Foliage/Heather/heather_c.uasset" 472
"../../../saline/Content/PhotoR_Landscape_4/Foliage/GrassTypes/Isla_flowers.uasset" 473
"../../../saline/Content/PhotoR_Landscape_4/Foliage/GrassTypes/Isle_grass_a.uasset" 474
"../../../saline/Content/PhotoR_Landscape_4/Foliage/GrassTypes/Isle_grass_b.uasset" 475
"../../../saline/Content/PhotoR_Landscape_4/Foliage/GrassTypes/Isle_grass_c.uasset" 476
"../../../saline/Content/PhotoR_Landscape_4/Foliage/Grass/isle_plants_b_d.uasset" 477
"../../../saline/Content/PhotoR_Landscape_4/Foliage/Grass/isle_plants_b_n.uasset" 478
"../../../saline/Content/PhotoR_Landscape_4/Foliage/Grass/Isle_plants_b_N_M.uasset" 479
"../../../saline/Content/PhotoR_Landscape_4/Foliage/Grass/isle_pland_b_1.uasset" 480
"../../../saline/Content/PhotoR_Landscape_4/Foliage/Grass/isle_pland_b_2.uasset" 481
"../../../saline/Content/PhotoR_Landscape_4/Foliage/GrassTypes/Isle_grass_d.uasset" 482
"../../../saline/Content/PhotoR_Landscape_4/Materials/LandscapeLayers/isle_Flovers_LayerInfo.uasset" 483
"../../../saline/Content/PhotoR_Landscape_4/Materials/LandscapeLayers/isle_Grass_a_LayerInfo.uasset" 484
"../../../saline/Content/PhotoR_Landscape_4/Materials/LandscapeLayers/isle_Grass_b_LayerInfo.uasset" 485
"../../../saline/Content/PhotoR_Landscape_4/Materials/LandscapeLayers/isle_Grass_c_LayerInfo.uasset" 486
"../../../saline/Content/PhotoR_Landscape_4/Materials/LandscapeLayers/isle_Grass_d_LayerInfo.uasset" 487
"../../../saline/Content/PhotoR_Landscape_4/Materials/LandscapeLayers/isle_Gravel_a_LayerInfo.uasset" 488
"../../../saline/Content/PhotoR_Landscape_4/Materials/LandscapeLayers/isle_Gravel_b_LayerInfo.uasset" 489
"../../../saline/Content/PhotoR_Landscape_4/Textures/isle_outer_d.uasset" 490
"../../../saline/Content/PhotoR_Landscape_4/Materials/global_splat_isle_of_skye.uasset" 491
"../../../saline/Content/PhotoR_Landscape_4/Textures/isle_flovers_d.uasset" 492
"../../../saline/Content/PhotoR_Landscape_4/Textures/isle_flovers_n.uasset" 493
"../../../saline/Content/PhotoR_Landscape_4/Textures/isle_flovers_s.uasset" 494
"../../../saline/Content/PhotoR_Landscape_4/Textures/isle_grass_a_d.uasset" 495
"../../../saline/Content/PhotoR_Landscape_4/Textures/isle_grass_a_n.uasset" 496
"../../../saline/Content/PhotoR_Landscape_4/Textures/isle_grass_a_s.uasset" 497
"../../../saline/Content/PhotoR_Landscape_4/Textures/isle_grass_b_d.uasset" 498
"../../../saline/Content/PhotoR_Landscape_4/Textures/isle_grass_b_n.uasset" 499
"../../../saline/Content/PhotoR_Landscape_4/Textures/isle_grass_b_s.uasset" 500
"../../../saline/Content/PhotoR_Landscape_4/Textures/isle_grass_c_d.uasset" 501
"../../../saline/Content/PhotoR_Landscape_4/Textures/isle_grass_c_n.uasset" 502
"../../../saline/Content/PhotoR_Landscape_4/Textures/isle_grass_c_s.uasset" 503
"../../../saline/Content/PhotoR_Landscape_4/Textures/isle_grass_d_d.uasset" 504
"../../../saline/Content/PhotoR_Landscape_4/Textures/isle_grass_d_n.uasset" 505
"../../../saline/Content/PhotoR_Landscape_4/Textures/isle_grass_d_s.uasset" 506
"../../../saline/Content/PhotoR_Landscape_4/Textures/isle_gravel_a_d.uasset" 507
"../../../saline/Content/PhotoR_Landscape_4/Textures/isle_gravel_a_n.uasset" 508
"../../../saline/Content/PhotoR_Landscape_4/Textures/isle_gravel_a_s.uasset" 509
"../../../saline/Content/PhotoR_Landscape_4/Textures/isle_gravel_b_d.uasset" 510
"../../../saline/Content/PhotoR_Landscape_4/Textures/isle_gravel_b_n.uasset" 511
"../../../saline/Content/PhotoR_Landscape_4/Textures/isle_gravel_b_s.uasset" 512
"../../../saline/Content/PhotoR_Landscape_4/Materials/PR_Isle_fo_Skye.uasset" 513
"../../../saline/Content/PhotoR_Landscape_4/Materials/PR_Isle_fo_Skye_Inst.uasset" 514
"../../../Engine/Content/EngineMaterials/DefaultPhysicalMaterial.uasset" 515
"../../../saline/Content/PhotoR_Landscape_4/Textures/global_splat.uasset" 516
"../../../saline/Content/PhotoR_Landscape_4/Textures/gravel_a_d.uasset" 517
"../../../saline/Content/PhotoR_Landscape_4/Textures/gravel_a_n.uasset" 518
"../../../saline/Content/PhotoR_Landscape_4/Materials/global_splat_lowland_a.uasset" 519
"../../../saline/Content/PhotoR_Landscape_4/Meshes/outer_D.uasset" 520
"../../../saline/Content/PhotoR_Landscape_4/Meshes/outer_L.uasset" 521
"../../../saline/Content/PhotoR_Landscape_4/Meshes/outer_R.uasset" 522
"../../../saline/Content/PhotoR_Landscape_4/Meshes/outer_U.uasset" 523
"../../../saline/Content/PhotoR_Landscape_4/Meshes/Rocks/rock_1_n.uasset" 524
"../../../saline/Content/PhotoR_Landscape_4/Meshes/Rocks/rock_1_M.uasset" 525
"../../../saline/Content/PhotoR_Landscape_4/Meshes/Rocks/rock_1.uasset" 526
"../../../saline/Content/PhotoR_Landscape_4/Meshes/Rocks/rock_11_n.uasset" 527
"../../../saline/Content/PhotoR_Landscape_4/Meshes/Rocks/rock_11_M.uasset" 528
"../../../saline/Content/PhotoR_Landscape_4/Meshes/Rocks/rock_11.uasset" 529
"../../../saline/Content/PhotoR_Landscape_4/Meshes/Rocks/rock_12_13_n.uasset" 530
"../../../saline/Content/PhotoR_Landscape_4/Meshes/Rocks/rock_12_13_M.uasset" 531
"../../../saline/Content/PhotoR_Landscape_4/Meshes/Rocks/rock_12.uasset" 532
"../../../saline/Content/PhotoR_Landscape_4/Meshes/Rocks/rock_13.uasset" 533
"../../../saline/Content/PhotoR_Landscape_4/Meshes/Rocks/rock_14_n.uasset" 534
"../../../saline/Content/PhotoR_Landscape_4/Meshes/Rocks/rock_14_M.uasset" 535
"../../../saline/Content/PhotoR_Landscape_4/Meshes/Rocks/rock_14.uasset" 536
"../../../saline/Content/PhotoR_Landscape_4/Meshes/Rocks/rock_3_n.uasset" 537
"../../../saline/Content/PhotoR_Landscape_4/Meshes/Rocks/rock_3_M.uasset" 538
"../../../saline/Content/PhotoR_Landscape_4/Meshes/Rocks/rock_3.uasset" 539
"../../../saline/Content/PhotoR_Landscape_4/Maps/Photorealistic_Isle_of_Skye.umap" 540
"../../../saline/Content/ANTQUAB.uasset" 541
"../../../saline/Content/BookAntiqua.uasset" 542
"../../../saline/Content/IMAGES/01_SalineLaguna__1_-01.uasset" 543
"../../../saline/Content/blueprint/screenSaver/credits.uasset" 544
"../../../saline/Content/credits.umap" 545
"../../../saline/Content/blueprint/screenSaver/screenSacer.uasset" 546
"../../../saline/Content/SaveScreen.umap" 547
"../../../Engine/Content/EditorBlueprintResources/StandardMacros.uasset" 548
"../../../saline/Content/blueprint/slideShow/backward.uasset" 549
"../../../saline/Content/blueprint/slideShow/foreward.uasset" 550
"../../../saline/Content/IMAGES/fotoSaline/0.uasset" 551
"../../../saline/Content/blueprint/slideShow/slideShow.uasset" 552
"../../../saline/Content/IMAGES/fotoSaline/1.uasset" 553
"../../../saline/Content/IMAGES/fotoSaline/10.uasset" 554
"../../../saline/Content/IMAGES/fotoSaline/11.uasset" 555
"../../../saline/Content/IMAGES/fotoSaline/12.uasset" 556
"../../../saline/Content/IMAGES/fotoSaline/13.uasset" 557
"../../../saline/Content/IMAGES/fotoSaline/14.uasset" 558
"../../../saline/Content/IMAGES/fotoSaline/15.uasset" 559
"../../../saline/Content/IMAGES/fotoSaline/16.uasset" 560
"../../../saline/Content/IMAGES/fotoSaline/17.uasset" 561
"../../../saline/Content/IMAGES/fotoSaline/18.uasset" 562
"../../../saline/Content/IMAGES/fotoSaline/19.uasset" 563
"../../../saline/Content/IMAGES/fotoSaline/2.uasset" 564
"../../../saline/Content/IMAGES/fotoSaline/20.uasset" 565
"../../../saline/Content/IMAGES/fotoSaline/21.uasset" 566
"../../../saline/Content/IMAGES/fotoSaline/22.uasset" 567
"../../../saline/Content/IMAGES/fotoSaline/23.uasset" 568
"../../../saline/Content/IMAGES/fotoSaline/24.uasset" 569
"../../../saline/Content/IMAGES/fotoSaline/25.uasset" 570
"../../../saline/Content/IMAGES/fotoSaline/26.uasset" 571
"../../../saline/Content/IMAGES/fotoSaline/27.uasset" 572
"../../../saline/Content/IMAGES/fotoSaline/28.uasset" 573
"../../../saline/Content/IMAGES/fotoSaline/29.uasset" 574
"../../../saline/Content/IMAGES/fotoSaline/3.uasset" 575
"../../../saline/Content/IMAGES/fotoSaline/30.uasset" 576
"../../../saline/Content/IMAGES/fotoSaline/31.uasset" 577
"../../../saline/Content/IMAGES/fotoSaline/32.uasset" 578
"../../../saline/Content/IMAGES/fotoSaline/33.uasset" 579
"../../../saline/Content/IMAGES/fotoSaline/34.uasset" 580
"../../../saline/Content/IMAGES/fotoSaline/35.uasset" 581
"../../../saline/Content/IMAGES/fotoSaline/36.uasset" 582
"../../../saline/Content/IMAGES/fotoSaline/37.uasset" 583
"../../../saline/Content/IMAGES/fotoSaline/38.uasset" 584
"../../../saline/Content/IMAGES/fotoSaline/39.uasset" 585
"../../../saline/Content/IMAGES/fotoSaline/4.uasset" 586
"../../../saline/Content/IMAGES/fotoSaline/40.uasset" 587
"../../../saline/Content/IMAGES/fotoSaline/41.uasset" 588
"../../../saline/Content/IMAGES/fotoSaline/42.uasset" 589
"../../../saline/Content/IMAGES/fotoSaline/43.uasset" 590
"../../../saline/Content/IMAGES/fotoSaline/44.uasset" 591
"../../../saline/Content/IMAGES/fotoSaline/45.uasset" 592
"../../../saline/Content/IMAGES/fotoSaline/46.uasset" 593
"../../../saline/Content/IMAGES/fotoSaline/47.uasset" 594
"../../../saline/Content/IMAGES/fotoSaline/48.uasset" 595
"../../../saline/Content/IMAGES/fotoSaline/49.uasset" 596
"../../../saline/Content/IMAGES/fotoSaline/5.uasset" 597
"../../../saline/Content/IMAGES/fotoSaline/50.uasset" 598
"../../../saline/Content/IMAGES/fotoSaline/51.uasset" 599
"../../../saline/Content/IMAGES/fotoSaline/52.uasset" 600
"../../../saline/Content/IMAGES/fotoSaline/53.uasset" 601
"../../../saline/Content/IMAGES/fotoSaline/54.uasset" 602
"../../../saline/Content/IMAGES/fotoSaline/55.uasset" 603
"../../../saline/Content/IMAGES/fotoSaline/56.uasset" 604
"../../../saline/Content/IMAGES/fotoSaline/6.uasset" 605
"../../../saline/Content/IMAGES/fotoSaline/7.uasset" 606
"../../../saline/Content/IMAGES/fotoSaline/8.uasset" 607
"../../../saline/Content/IMAGES/fotoSaline/9.uasset" 608
"../../../saline/Content/slideShowLevel.umap" 609
"../../../saline/Content/anim/aphanius/aphaniusAnimation_Skeleton.uasset" 610
"../../../saline/Content/anim/aphanius/aphaniusAnimation_Anim.uasset" 611
"../../../saline/Content/anim/artemia/artemia_Skeleton.uasset" 612
"../../../saline/Content/anim/artemia/artemia_Anim.uasset" 613
"../../../saline/Content/cefalo/cefalo_2_Skeleton.uasset" 614
"../../../saline/Content/cefalo/cefalo_2_Anim.uasset" 615
"../../../saline/Content/anim/acetabularia/acet_0-100_Skeleton.uasset" 616
"../../../saline/Content/anim/acetabularia/acet_0-100_Anim.uasset" 617
"../../../saline/Content/anim/acetabularia/acet_0-80_Skeleton.uasset" 618
"../../../saline/Content/anim/acetabularia/acet_0-80_Anim.uasset" 619
"../../../saline/Content/anim/acetabularia/acet_0-90_Skeleton.uasset" 620
"../../../saline/Content/anim/acetabularia/acet_0-90_Anim.uasset" 621
"../../../saline/Content/anim/acetabularia/acet_0-92_Skeleton.uasset" 622
"../../../saline/Content/anim/acetabularia/acet_0-92_Anim.uasset" 623
"../../../saline/Content/anim/acetabularia/acet_0-99_Skeleton.uasset" 624
"../../../saline/Content/anim/acetabularia/acet_0-99_Anim.uasset" 625
"../../../saline/Content/anim/acetabularia/diff.uasset" 626
"../../../saline/Content/anim/acetabularia/normal.uasset" 627
"../../../saline/Content/anim/acetabularia/acetabularia_mat.uasset" 628
"../../../saline/Content/anim/acetabularia/acet_0-100_PhysicsAsset.uasset" 629
"../../../saline/Content/anim/acetabularia/acet_0-100.uasset" 630
"../../../saline/Content/anim/acetabularia/acet_0-80_PhysicsAsset.uasset" 631
"../../../saline/Content/anim/acetabularia/acet_0-80.uasset" 632
"../../../saline/Content/anim/acetabularia/acet_0-90_PhysicsAsset.uasset" 633
"../../../saline/Content/anim/acetabularia/acet_0-90.uasset" 634
"../../../saline/Content/anim/acetabularia/acet_0-92_PhysicsAsset.uasset" 635
"../../../saline/Content/anim/acetabularia/acet_0-92.uasset" 636
"../../../saline/Content/anim/acetabularia/acet_0-99_PhysicsAsset.uasset" 637
"../../../saline/Content/anim/acetabularia/acet_0-99.uasset" 638
"../../../saline/Content/blueprint/FaunaFriddaWidget/plant-leaf-with-white-details.uasset" 639
"../../../saline/Content/blueprint/FaunaFriddaWidget/seaweed__1_.uasset" 640
"../../../saline/Content/blueprint/FaunaFriddaWidget/anguille6.uasset" 641
"../../../saline/Content/blueprint/FaunaFriddaWidget/cefaloDidascalia.uasset" 642
"../../../saline/Content/blueprint/FaunaFriddaWidget/ghiozzo.uasset" 643
"../../../saline/Content/blueprint/FaunaFriddaWidget/IMG_3090orata.uasset" 644
"../../../saline/Content/blueprint/FaunaFriddaWidget/latterino-101.uasset" 645
"../../../saline/Content/blueprint/FaunaFriddaWidget/spigola_branzino_dicentrarchus_labrax_1-1170x503.uasset" 646
"../../../saline/Content/blueprint/icon.uasset" 647
"../../../saline/Content/blueprint/fishesWidget.uasset" 648
"../../../saline/Content/blueprint/FaunaFriddaWidget/ruppia.uasset" 649
"../../../saline/Content/blueprint/plantWidget.uasset" 650
"../../../saline/Content/blueprint/FloraFriddaWidget.uasset" 651
"../../../saline/Content/anim/acetabularia/acetabularia.uasset" 652
"../../../saline/Content/anim/dunaliella/dunaliella_Skeleton.uasset" 653
"../../../saline/Content/anim/dunaliella/dunaliella_Anim.uasset" 654
"../../../saline/Content/anim/dunaliella/contour.uasset" 655
"../../../saline/Content/anim/dunaliella/dunaliellaDiff.uasset" 656
"../../../saline/Content/anim/dunaliella/dunaliellaN.uasset" 657
"../../../saline/Content/anim/dunaliella/citoplasma.uasset" 658
"../../../saline/Content/anim/dunaliella/esterno.uasset" 659
"../../../saline/Content/anim/dunaliella/flagelli.uasset" 660
"../../../saline/Content/anim/dunaliella/interno.uasset" 661
"../../../saline/Content/anim/dunaliella/dunaliella_PhysicsAsset.uasset" 662
"../../../saline/Content/anim/dunaliella/dunaliella.uasset" 663
"../../../saline/Content/anim/dunaliella/dunalielle.uasset" 664
"../../../saline/Content/salineSpaccato/viteArchimede/Material__25.uasset" 665
"../../../saline/Content/salineSpaccato/viteArchimede/viteArchimede_Cylinder002.uasset" 666
"../../../saline/Content/salineSpaccato/viteArchimede/viteArchimede_Cylinder019.uasset" 667
"../../../saline/Content/salineSpaccato/viteArchimede/Material__58.uasset" 668
"../../../saline/Content/salineSpaccato/viteArchimede/viteArchimede_Helix001.uasset" 669
"../../../saline/Content/salineSpaccato/viteArchimede/viteArchimedeBP.uasset" 670
"../../../Engine/Content/EngineSky/C_Sky_Cloud_Color.uasset" 671
"../../../Engine/Content/EngineSky/C_Sky_Horizon_Color.uasset" 672
"../../../Engine/Content/EngineSky/C_Sky_Zenith_Color.uasset" 673
"../../../Engine/Content/EngineSky/T_Sky_Blue.uasset" 674
"../../../Engine/Content/EngineSky/T_Sky_Clouds_M.uasset" 675
"../../../Engine/Content/EngineSky/T_Sky_Stars.uasset" 676
"../../../Engine/Content/EngineSky/M_Sky_Panning_Clouds2.uasset" 677
"../../../Engine/Content/EngineSky/SM_SkySphere.uasset" 678
"../../../Engine/Content/EngineSky/BP_Sky_Sphere.uasset" 679
"../../../saline/Content/blueprint/caure/catturaMicroscopioBatterico.uasset" 680
"../../../saline/Content/blueprint/caure/MicroscopeCistiArtemia.uasset" 681
"../../../saline/Content/blueprint/caure/microscopeCistiArtemiaRT.uasset" 682
"../../../saline/Content/blueprint/salanti/sale.uasset" 683
"../../../saline/Content/blueprint/salanti/saleRT.uasset" 684
"../../../saline/Content/blueprint/salinePLayer.uasset" 685
"../../../saline/Content/blueprint/SlaineHUD.uasset" 686
"../../../saline/Content/blueprint/Saline_GM.uasset" 687
"../../../saline/Content/Movies/aphaniusFasciatus.uasset" 688
"../../../saline/Content/Movies/artemiaSalinaVideo.uasset" 689
"../../../saline/Content/Movies/dunaliella.uasset" 690
"../../../saline/Content/Maps/LIvelloUNico_BuiltData.uasset" 691
"../../../saline/Content/02_-_Default.uasset" 692
"../../../saline/Content/blueprint/caure/bumpCristal01.uasset" 693
"../../../saline/Content/blueprint/caure/bumpCristal01_Mat.uasset" 694
"../../../saline/Content/blueprint/caure/CaldeMap.uasset" 695
"../../../saline/Content/blueprint/caure/cistiArtemia.uasset" 696
"../../../saline/Content/blueprint/caure/microspopeArtemiaMT.uasset" 697
"../../../saline/Content/blueprint/salanti/saleFoto.uasset" 698
"../../../saline/Content/blueprint/salanti/cristalli.uasset" 699
"../../../saline/Content/blueprint/salanti/07113733.uasset" 700
"../../../saline/Content/blueprint/salanti/microscopeSale.uasset" 701
"../../../saline/Content/caustics/Motion_4WayChaos2.uasset" 702
"../../../saline/Content/caustics/T_MediumWaves_H.uasset" 703
"../../../saline/Content/caustics/caustic.uasset" 704
"../../../saline/Content/IMAGES/sandN.uasset" 705
"../../../saline/Content/IMAGES/sandCantuna.uasset" 706
"../../../Engine/Content/Functions/Engine_MaterialFunctions01/Texturing/SlopeMask.uasset" 707
"../../../saline/Content/IMAGES/TexturesCom_SoilCracked0146_1_seamless_S.uasset" 708
"../../../saline/Content/Meshes/calda.uasset" 709
"../../../saline/Content/Meshes/salante.uasset" 710
"../../../saline/Content/rocks/MI_Boulder05a3_x_microscope.uasset" 711
"../../../saline/Content/rocks/MI_Boulder05a3_x_microscope2.uasset" 712
"../../../saline/Content/salineSpaccato/02_-_Default.uasset" 713
"../../../saline/Content/IMAGES/brickMulinoBitmap2Material_3_Ambient_Occlusion.uasset" 714
"../../../saline/Content/IMAGES/brickMulinoBitmap2Material_3_Normal.uasset" 715
"../../../saline/Content/IMAGES/mask01.uasset" 716
"../../../saline/Content/IMAGES/mask01N.uasset" 717
"../../../saline/Content/salineSpaccato/Mulino/Material__381.uasset" 718
"../../../saline/Content/IMAGES/WoodRough0073_1_M.uasset" 719
"../../../saline/Content/IMAGES/WoodRough0073_1_M_Normal.uasset" 720
"../../../saline/Content/salineSpaccato/Mulino/Material__389.uasset" 721
"../../../saline/Content/salineSpaccato/Mulino/Material__391.uasset" 722
"../../../Engine/Content/EngineDebugMaterials/M_SimpleOpaque.uasset" 723
"../../../Engine/Content/EditorMeshes/Camera/MI_CraneRig.uasset" 724
"../../../saline/Content/water_calde.uasset" 725
"../../../saline/Content/water_Inst.uasset" 726
"../../../saline/Content/water_InstFridda.uasset" 727
"../../../saline/Content/waterNoBump.uasset" 728
"../../../saline/Content/waterNoBump_Inst.uasset" 729
"../../../saline/Content/WaterPlane/Translucent/Materials/coltivo.uasset" 730
"../../../saline/Content/WaterPlane/Translucent/Materials/coltivoInstance.uasset" 731
"../../../saline/Content/WaterPlane/Translucent/Materials/sea2.uasset" 732
"../../../saline/Content/Movies/dunaliella/dunaliellaSalinaMTexture.uasset" 733
"../../../saline/Content/Movies/dunaliella/dunaliellaSalinaMP.uasset" 734
"../../../saline/Content/blueprint/caure/caure.uasset" 735
"../../../saline/Content/blueprint/caure/cisti2.uasset" 736
"../../../saline/Content/blueprint/caure/lab-microscope.uasset" 737
"../../../saline/Content/blueprint/caure/umbrella2.uasset" 738
"../../../saline/Content/blueprint/COltivo/artemia.uasset" 739
"../../../saline/Content/blueprint/COltivo/ArtemiaMF.uasset" 740
"../../../saline/Content/blueprint/COltivo/ovario1_low.uasset" 741
"../../../saline/Content/blueprint/COltivo/saccoOvarico.uasset" 742
"../../../saline/Content/blueprint/caure/caureIngr01.uasset" 743
"../../../saline/Content/blueprint/caure/bacteriaMat.uasset" 744
"../../../saline/Content/blueprint/caure/Batteri_P1010045.uasset" 745
"../../../saline/Content/blueprint/caure/caureIngr02.uasset" 746
"../../../saline/Content/Movies/dunaliella/dunaliellaSalinaMTexture_Mat.uasset" 747
"../../../saline/Content/blueprint/COltivo/01104232.uasset" 748
"../../../saline/Content/blueprint/COltivo/BloomDunaliellaRB.uasset" 749
"../../../saline/Content/blueprint/COltivo/error.uasset" 750
"../../../saline/Content/blueprint/COltivo/video-camera-1.uasset" 751
"../../../saline/Content/blueprint/COltivo/ColtivoAlghe.uasset" 752
"../../../saline/Content/blueprint/COltivo/5627-Buzaqq.uasset" 753
"../../../saline/Content/blueprint/COltivo/aphanius_fasciatus01_femina.uasset" 754
"../../../saline/Content/blueprint/COltivo/aphanius_fasciatus02.uasset" 755
"../../../saline/Content/blueprint/COltivo/aphaniusIndicators.uasset" 756
"../../../saline/Content/blueprint/COltivo/DSCN1477_copia.uasset" 757
"../../../saline/Content/blueprint/COltivo/ColtivoAphanius.uasset" 758
"../../../saline/Content/blueprint/COltivo/07103005_low.uasset" 759
"../../../saline/Content/blueprint/COltivo/ColtivoArtemia.uasset" 760
"../../../saline/Content/blueprint/FaunaFriddaWidget/c_maenas_lg_b.uasset" 761
"../../../saline/Content/blueprint/FaunaFriddaWidget/Palemon.uasset" 762
"../../../saline/Content/blueprint/crabsWidget.uasset" 763
"../../../saline/Content/blueprint/FaunaFriddaWidget/crab.uasset" 764
"../../../saline/Content/blueprint/FaunaFriddaWidget/nautilus-shell-of-sea-life-to-hear-the-sea-sound-for-relaxation.uasset" 765
"../../../saline/Content/blueprint/FaunaFriddaWidget/raw-fish.uasset" 766
"../../../saline/Content/blueprint/FaunaFriddaWidget.uasset" 767
"../../../saline/Content/blueprint/friddaWidget.uasset" 768
"../../../saline/Content/blueprint/COltivo/ColtivoMap.uasset" 769
"../../../saline/Content/blueprint/salanti/SalantiMap.uasset" 770
"../../../saline/Content/fridda.uasset" 771
"../../../saline/Content/IMAGES/home.uasset" 772
"../../../saline/Content/IMAGES/Italy-Flag-icon.uasset" 773
"../../../saline/Content/IMAGES/people.uasset" 774
"../../../saline/Content/IMAGES/United-Kingdom-flag-icon.uasset" 775
"../../../saline/Content/blueprint/mainMenuSaline.uasset" 776
"../../../saline/Content/blueprint/FaunaFriddaWidget/_MG_4627_copia.uasset" 777
"../../../saline/Content/blueprint/FaunaFriddaWidget/mitili.uasset" 778
"../../../saline/Content/blueprint/mitiliWidget.uasset" 779
"../../../saline/Content/blueprint/salanti/salanti.uasset" 780
"../../../saline/Content/blueprint/salanti/salanti2.uasset" 781
"../../../saline/Content/blueprint/salanti/07110823_ingr.uasset" 782
"../../../saline/Content/blueprint/salanti/salanti3.uasset" 783
"../../../saline/Content/blueprint/FaunaFriddaWidget/acetabularia.uasset" 784
"../../../saline/Content/blueprint/seaweed.uasset" 785
"../../../Engine/Content/BasicShapes/Plane.uasset" 786
"../../../Engine/Content/EditorResources/MatineeCam_D.uasset" 787
"../../../Engine/Content/EditorMaterials/MatineeCam_mat.uasset" 788
"../../../Engine/Content/EditorMeshes/MatineeCam_SM.uasset" 789
"../../../saline/Content/anim/aphanius/Fisheyes.uasset" 790
"../../../saline/Content/anim/aphanius/aphaniusA.uasset" 791
"../../../saline/Content/anim/aphanius/aphaniusbump.uasset" 792
"../../../saline/Content/anim/aphanius/aphaniusDiff.uasset" 793
"../../../saline/Content/anim/aphanius/aphaniusSpec.uasset" 794
"../../../saline/Content/anim/aphanius/Material__27.uasset" 795
"../../../saline/Content/anim/aphanius/pinnaDorsaleA.uasset" 796
"../../../saline/Content/anim/aphanius/pinnaDorsaleDiff.uasset" 797
"../../../saline/Content/anim/aphanius/Material__28.uasset" 798
"../../../saline/Content/anim/aphanius/pinnalateraleA.uasset" 799
"../../../saline/Content/anim/aphanius/pinnalateraleD.uasset" 800
"../../../saline/Content/anim/aphanius/Material__29.uasset" 801
"../../../saline/Content/anim/aphanius/aphaniusAnimation_PhysicsAsset.uasset" 802
"../../../saline/Content/anim/aphanius/aphaniusAnimation.uasset" 803
"../../../saline/Content/anim/artemia/interoArtemia.uasset" 804
"../../../saline/Content/anim/artemia/occhiArtemia.uasset" 805
"../../../saline/Content/anim/artemia/tegumentoArtemia.uasset" 806
"../../../saline/Content/anim/artemia/tegumentoZampe.uasset" 807
"../../../saline/Content/anim/artemia/artemia_PhysicsAsset.uasset" 808
"../../../saline/Content/anim/artemia/artemia.uasset" 809
"../../../saline/Content/blueprint/caure/caureInit.uasset" 810
"../../../saline/Content/blueprint/caure/sale.uasset" 811
"../../../saline/Content/blueprint/salanti/cristallo.uasset" 812
"../../../saline/Content/cefalo/02_-_Default1.uasset" 813
"../../../saline/Content/cefalo/cefalo_2_PhysicsAsset.uasset" 814
"../../../saline/Content/cefalo/cefalo_2.uasset" 815
"../../../saline/Content/PhotoR_Landscape_4/Textures/valley_fake_mountain_n.uasset" 816
"../../../saline/Content/PhotoR_Landscape_4/Textures/valley_fake_mountains_splat.uasset" 817
"../../../saline/Content/PhotoR_Landscape_4/Materials/valley_fake_mountains.uasset" 818
"../../../saline/Content/PhotoR_Landscape_4/Meshes/valley_b_fake_D.uasset" 819
"../../../saline/Content/rocks/AM_vol4/Meshes/baseRock_low.uasset" 820
"../../../saline/Content/rocks/mudColtivoH.uasset" 821
"../../../saline/Content/rocks/mudColtivoM_Plane002.uasset" 822
"../../../saline/Content/rocks/mudColtivoM_Plane003.uasset" 823
"../../../saline/Content/rocks/MI_Boulder05a.uasset" 824
"../../../saline/Content/rocks/SM_Boulder05a.uasset" 825
"../../../saline/Content/rocks/T_FieldGrass_01_D.uasset" 826
"../../../saline/Content/rocks/M_FieldGrass_Inst_01.uasset" 827
"../../../saline/Content/rocks/SM_FieldGrass_01.uasset" 828
"../../../saline/Content/rocks/T_MountainRock_Closed_D.uasset" 829
"../../../saline/Content/rocks/T_MountainRock_Closed_D2.uasset" 830
"../../../saline/Content/rocks/T_MountainRock_Closed_N.uasset" 831
"../../../saline/Content/rocks/MI_MountainRock_Closed.uasset" 832
"../../../saline/Content/rocks/SM_MountainRock_Closed.uasset" 833
"../../../saline/Content/rocks/T_Scree002_D_R.uasset" 834
"../../../saline/Content/rocks/T_Scree002_N.uasset" 835
"../../../saline/Content/rocks/MI_Scree002_NEW.uasset" 836
"../../../saline/Content/rocks/SM_Scree002b.uasset" 837
"../../../saline/Content/WaterPlane/Translucent/Materials/sea.uasset" 838
"../../../saline/Content/salineSpaccato/mare01_PhysicsAsset.uasset" 839
"../../../saline/Content/salineSpaccato/mare01.uasset" 840
"../../../saline/Content/salineSpaccato/Mulino/mulino_Box024.uasset" 841
"../../../saline/Content/salineSpaccato/Mulino/Material__383.uasset" 842
"../../../saline/Content/salineSpaccato/Mulino/mulino_mulinoBox1816.uasset" 843
"../../../saline/Content/salineSpaccato/Mulino/mulino_mulinoBox2162.uasset" 844
"../../../saline/Content/salineSpaccato/Mulino/mulino_mulinoBox2167.uasset" 845
"../../../saline/Content/salineSpaccato/Mulino/mulino_mulinochiusa001.uasset" 846
"../../../saline/Content/salineSpaccato/Mulino/Material__382.uasset" 847
"../../../saline/Content/salineSpaccato/Mulino/mulino_mulinoCone001.uasset" 848
"../../../saline/Content/salineSpaccato/Mulino/mulino_mulinoCylinder001.uasset" 849
"../../../saline/Content/salineSpaccato/Mulino/mulino_mulinoCylinder004.uasset" 850
"../../../saline/Content/salineSpaccato/Mulino/mulino_mulinoCylinder007.uasset" 851
"../../../saline/Content/salineSpaccato/Mulino/mulino_mulinoCylinder014.uasset" 852
"../../../saline/Content/salineSpaccato/Mulino/Material__392.uasset" 853
"../../../saline/Content/salineSpaccato/Mulino/mulino_mulinoLine011.uasset" 854
"../../../saline/Content/salineSpaccato/Mulino/mulino_mulinoRectangle001.uasset" 855
"../../../saline/Content/salineSpaccato/Mulino/mulino_mulinoShape005.uasset" 856
"../../../saline/Content/salineSpaccato/paleMulino/Material__382.uasset" 857
"../../../saline/Content/salineSpaccato/paleMulino/paelMulino_mulinoCylinder006.uasset" 858
"../../../saline/Content/salineSpaccato/paleMulino/Material__395.uasset" 859
"../../../saline/Content/salineSpaccato/paleMulino/paelMulino_mulinoCylinder008.uasset" 860
"../../../saline/Content/salineSpaccato/paleMulino/paelMulino_mulinoCylinder009.uasset" 861
"../../../saline/Content/salineSpaccato/paleMulino/paelMulino_mulinoCylinder010.uasset" 862
"../../../saline/Content/salineSpaccato/paleMulino/paelMulino_mulinoCylinder011.uasset" 863
"../../../saline/Content/salineSpaccato/paleMulino/paelMulino_mulinoCylinder012.uasset" 864
"../../../saline/Content/salineSpaccato/paleMulino/paelMulino_mulinoCylinder013.uasset" 865
"../../../saline/Content/salineSpaccato/paleMulino/Material__397.uasset" 866
"../../../saline/Content/salineSpaccato/paleMulino/paelMulino_mulinoLine001.uasset" 867
"../../../saline/Content/salineSpaccato/paleMulino/Material__396.uasset" 868
"../../../saline/Content/salineSpaccato/paleMulino/paelMulino_mulinoTorus012.uasset" 869
"../../../saline/Content/salineSpaccato/spaccato/coltivoOverWater.uasset" 870
"../../../saline/Content/salineSpaccato/spaccato/Material__55.uasset" 871
"../../../saline/Content/salineSpaccato/spaccato/spaccato_ArcoMulino.uasset" 872
"../../../saline/Content/salineSpaccato/spaccato/spaccato_ArcoMulino001.uasset" 873
"../../../saline/Content/salineSpaccato/spaccato/caure.uasset" 874
"../../../saline/Content/salineSpaccato/spaccato/Material__376.uasset" 875
"../../../saline/Content/salineSpaccato/spaccato/spaccato_Box1818.uasset" 876
"../../../saline/Content/salineSpaccato/spaccato/Material__34.uasset" 877
"../../../saline/Content/salineSpaccato/spaccato/spaccato_Box1821.uasset" 878
"../../../saline/Content/IMAGES/TexturesCom_Gravel0136_1_seamless_S.uasset" 879
"../../../saline/Content/salineSpaccato/spaccato/Material__35.uasset" 880
"../../../saline/Content/salineSpaccato/spaccato/spaccato_Box1822.uasset" 881
"../../../saline/Content/salineSpaccato/spaccato/Material__56.uasset" 882
"../../../saline/Content/salineSpaccato/spaccato/spaccato_Box1827.uasset" 883
"../../../saline/Content/salineSpaccato/spaccato/Material__31.uasset" 884
"../../../saline/Content/IMAGES/TexturesCom_WoodEnds0001_S.uasset" 885
"../../../saline/Content/salineSpaccato/spaccato/Material__32.uasset" 886
"../../../saline/Content/salineSpaccato/spaccato/Material__33.uasset" 887
"../../../saline/Content/salineSpaccato/spaccato/spaccato_chiusa.uasset" 888
"../../../saline/Content/salineSpaccato/spaccato/spaccato_chiusa004.uasset" 889
"../../../saline/Content/salineSpaccato/spaccato/spaccato_chiusa005.uasset" 890
"../../../saline/Content/salineSpaccato/spaccato/spaccato_chiusa006.uasset" 891
"../../../saline/Content/salineSpaccato/spaccato/spaccato_chiusa007.uasset" 892
"../../../saline/Content/salineSpaccato/spaccato/spaccato_chiusa008.uasset" 893
"../../../saline/Content/salineSpaccato/spaccato/spaccato_friddaLatBack.uasset" 894
"../../../saline/Content/salineSpaccato/spaccato/spaccato_friddaLatfrontale.uasset" 895
"../../../saline/Content/salineSpaccato/spaccato/spaccato_friddaSubNormal.uasset" 896
"../../../saline/Content/salineSpaccato/spaccato/spaccato_murettoMare.uasset" 897
"../../../saline/Content/salineSpaccato/spaccato/Material__26.uasset" 898
"../../../saline/Content/salineSpaccato/spaccato/spaccato_Object003.uasset" 899
"../../../saline/Content/salineSpaccato/spaccato/Material__375.uasset" 900
"../../../saline/Content/salineSpaccato/spaccato/spaccato_Object10024.uasset" 901
"../../../saline/Content/salineSpaccato/spaccato/spaccato_Object10058.uasset" 902
"../../../saline/Content/salineSpaccato/spaccato/spaccato_Object10170.uasset" 903
"../../../saline/Content/salineSpaccato/spaccato/spaccato_Object10180.uasset" 904
"../../../saline/Content/salineSpaccato/spaccato/spaccato_Object10213.uasset" 905
"../../../saline/Content/salineSpaccato/spaccato/spaccato_Object10225.uasset" 906
"../../../saline/Content/salineSpaccato/spaccato/spaccato_Object10282.uasset" 907
"../../../saline/Content/salineSpaccato/spaccato/spaccato_Object10319.uasset" 908
"../../../saline/Content/salineSpaccato/spaccato/spaccato_Object10448.uasset" 909
"../../../saline/Content/salineSpaccato/spaccato/spaccato_Object10462.uasset" 910
"../../../saline/Content/salineSpaccato/spaccato/spaccato_Object10469.uasset" 911
"../../../saline/Content/salineSpaccato/spaccato/spaccato_Object10507.uasset" 912
"../../../saline/Content/salineSpaccato/spaccato/spaccato_Object10661.uasset" 913
"../../../saline/Content/salineSpaccato/spaccato/spaccato_Object10732.uasset" 914
"../../../saline/Content/salineSpaccato/spaccato/spaccato_Object10750.uasset" 915
"../../../saline/Content/salineSpaccato/spaccato/spaccato_Object10767.uasset" 916
"../../../saline/Content/salineSpaccato/spaccato/spaccato_Object10777.uasset" 917
"../../../saline/Content/salineSpaccato/spaccato/spaccato_Object10785.uasset" 918
"../../../saline/Content/salineSpaccato/spaccato/spaccato_Object10800.uasset" 919
"../../../saline/Content/salineSpaccato/spaccato/spaccato_Object10802.uasset" 920
"../../../saline/Content/salineSpaccato/spaccato/spaccato_Object10815.uasset" 921
"../../../saline/Content/salineSpaccato/spaccato/spaccato_Object10847.uasset" 922
"../../../saline/Content/salineSpaccato/spaccato/spaccato_Object10858.uasset" 923
"../../../saline/Content/salineSpaccato/spaccato/spaccato_Object10869.uasset" 924
"../../../saline/Content/salineSpaccato/spaccato/spaccato_Object10880.uasset" 925
"../../../saline/Content/salineSpaccato/spaccato/spaccato_Object10891.uasset" 926
"../../../saline/Content/salineSpaccato/spaccato/spaccato_Object10899.uasset" 927
"../../../saline/Content/salineSpaccato/spaccato/spaccato_Object10907.uasset" 928
"../../../saline/Content/salineSpaccato/spaccato/spaccato_Object10915.uasset" 929
"../../../saline/Content/salineSpaccato/spaccato/spaccato_Object10930.uasset" 930
"../../../saline/Content/salineSpaccato/spaccato/spaccato_Object10931.uasset" 931
"../../../saline/Content/salineSpaccato/spaccato/spaccato_Object10932.uasset" 932
"../../../saline/Content/salineSpaccato/spaccato/spaccato_Object10933.uasset" 933
"../../../saline/Content/salineSpaccato/spaccato/spaccato_Object4640.uasset" 934
"../../../saline/Content/salineSpaccato/spaccato/Material__36.uasset" 935
"../../../saline/Content/salineSpaccato/spaccato/spaccato_Object6524.uasset" 936
"../../../saline/Content/IMAGES/friddaNormal.uasset" 937
"../../../saline/Content/salineSpaccato/spaccato/fridda.uasset" 938
"../../../saline/Content/salineSpaccato/spaccato/Material__377.uasset" 939
"../../../saline/Content/salineSpaccato/spaccato/spaccato_Object6525.uasset" 940
"../../../saline/Content/IMAGES/TexturesCom_SoilBeach0035_1_seamless_S_1.uasset" 941
"../../../saline/Content/salineSpaccato/spaccato/fondale_1.uasset" 942
"../../../saline/Content/salineSpaccato/spaccato/Material__380.uasset" 943
"../../../saline/Content/salineSpaccato/spaccato/spaccato_seaSoil.uasset" 944
"../../../saline/Content/IMAGES/Coltivo2Normal_N.uasset" 945
"../../../saline/Content/salineSpaccato/spaccato/coltivo.uasset" 946
"../../../saline/Content/salineSpaccato/spaccato/Material__378.uasset" 947
"../../../saline/Content/salineSpaccato/spaccato/spaccato_soilColtivo.uasset" 948
"../../../saline/Content/salineSpaccato/spaccato/blendMap_.uasset" 949
"../../../saline/Content/salineSpaccato/spaccato/normal.uasset" 950
"../../../saline/Content/salineSpaccato/spaccato/secondaryDiffuse.uasset" 951
"../../../saline/Content/salineSpaccato/spaccato/TexturesCom_SoilCracked0146_1_seamless_S.uasset" 952
"../../../saline/Content/salineSpaccato/spaccato/Material__25.uasset" 953
"../../../saline/Content/salineSpaccato/spaccato/terrenoFriddaPP.uasset" 954
"../../../saline/Content/Maps/LIvelloUNico.umap" 955
"../../../saline/Content/Maps/LIvelloUNico_02_BuiltData.uasset" 956
"../../../saline/Content/Maps/LIvelloUNico_02.umap" 957
"../../../saline/Content/PhotoR_Landscape_4/Materials/LandscapeLayers/Ice_a_LayerInfo.uasset" 958
"../../../saline/Content/PhotoR_Landscape_4/Materials/LandscapeLayers/Rock_a_LayerInfo.uasset" 959
"../../../saline/Content/PhotoR_Landscape_4/Materials/LandscapeLayers/Snow_a_LayerInfo.uasset" 960
"../../../saline/Content/PhotoR_Landscape_4/Materials/LandscapeLayers/Snow_b_LayerInfo.uasset" 961
"../../../saline/Content/PhotoR_Landscape_4/Materials/LandscapeLayers/Snow_c_LayerInfo.uasset" 962
"../../../saline/Content/PhotoR_Landscape_4/Textures/ice_a_s.uasset" 963
"../../../saline/Content/PhotoR_Landscape_4/Textures/rock_a_s.uasset" 964
"../../../saline/Content/PhotoR_Landscape_4/Textures/snow_a_s.uasset" 965
"../../../saline/Content/PhotoR_Landscape_4/Textures/snow_b_d.uasset" 966
"../../../saline/Content/PhotoR_Landscape_4/Textures/snow_b_n.uasset" 967
"../../../saline/Content/PhotoR_Landscape_4/Textures/snow_c_d.uasset" 968
"../../../saline/Content/PhotoR_Landscape_4/Textures/snow_c_n.uasset" 969
"../../../saline/Content/PhotoR_Landscape_4/Materials/PR_Antarctica.uasset" 970
"../../../saline/Content/PhotoR_Landscape_4/Materials/PR_Antarctica_Inst.uasset" 971
"../../../saline/Content/PhotoR_Landscape_4/Textures/antarctica_fake_n.uasset" 972
"../../../saline/Content/PhotoR_Landscape_4/Textures/antarctica_fake_splat.uasset" 973
"../../../saline/Content/PhotoR_Landscape_4/Textures/ice_a_n.uasset" 974
"../../../saline/Content/PhotoR_Landscape_4/Materials/antarctica_fake.uasset" 975
"../../../saline/Content/PhotoR_Landscape_4/Meshes/antarctica_fake_D.uasset" 976
"../../../saline/Content/PhotoR_Landscape_4/Meshes/antarctica_fake_L.uasset" 977
"../../../saline/Content/PhotoR_Landscape_4/Meshes/antarctica_fake_R.uasset" 978
"../../../saline/Content/PhotoR_Landscape_4/Meshes/antarctica_fale_U.uasset" 979
"../../../saline/Content/PhotoR_Landscape_4/Textures/cloud_a.uasset" 980
"../../../saline/Content/PhotoR_Landscape_4/Materials/Antarctica_snow_dust.uasset" 981
"../../../saline/Content/PhotoR_Landscape_4/Meshes/antarctica_snow_dust.uasset" 982
"../../../saline/Content/PhotoR_Landscape_4/Maps/Photorealistic_Antarctica.umap" 983
"../../../saline/Content/PhotoR_Landscape_4/Foliage/GrassTypes/Island_grass_a.uasset" 984
"../../../saline/Content/PhotoR_Landscape_4/Foliage/Grass/grass_summer_a2.uasset" 985
"../../../saline/Content/PhotoR_Landscape_4/Foliage/GrassTypes/Island_ground_a.uasset" 986
"../../../saline/Content/PhotoR_Landscape_4/Foliage/Grass/grass_fall_a_d.uasset" 987
"../../../saline/Content/PhotoR_Landscape_4/Foliage/Grass/grass_fall_a_n.uasset" 988
"../../../saline/Content/PhotoR_Landscape_4/Foliage/Grass/Grass_fall_a_N_mat_Inst.uasset" 989
"../../../saline/Content/PhotoR_Landscape_4/Foliage/Grass/grass_fall_a1.uasset" 990
"../../../saline/Content/PhotoR_Landscape_4/Foliage/Grass/grass_fall_a2.uasset" 991
"../../../saline/Content/PhotoR_Landscape_4/Foliage/Grass/grass_fall_b2.uasset" 992
"../../../saline/Content/PhotoR_Landscape_4/Foliage/GrassTypes/Island_ground_b.uasset" 993
"../../../saline/Content/PhotoR_Landscape_4/Meshes/rock_ground_4.uasset" 994
"../../../saline/Content/PhotoR_Landscape_4/Foliage/GrassTypes/Island_ground_c.uasset" 995
"../../../saline/Content/PhotoR_Landscape_4/Foliage/Shrubs/shrubs_a.uasset" 996
"../../../saline/Content/PhotoR_Landscape_4/Foliage/Shrubs/shrubs_c.uasset" 997
"../../../saline/Content/PhotoR_Landscape_4/Foliage/Shrubs/shrubs_d.uasset" 998
"../../../saline/Content/PhotoR_Landscape_4/Foliage/GrassTypes/Island_shrubs.uasset" 999
"../../../saline/Content/PhotoR_Landscape_4/Materials/LandscapeLayers/island_Grass_a_LayerInfo.uasset" 1000
"../../../saline/Content/PhotoR_Landscape_4/Materials/LandscapeLayers/island_Grass_b_LayerInfo.uasset" 1001
"../../../saline/Content/PhotoR_Landscape_4/Materials/LandscapeLayers/island_Ground_a_LayerInfo.uasset" 1002
"../../../saline/Content/PhotoR_Landscape_4/Materials/LandscapeLayers/island_Ground_b_LayerInfo.uasset" 1003
"../../../saline/Content/PhotoR_Landscape_4/Materials/LandscapeLayers/island_Ground_c_LayerInfo.uasset" 1004
"../../../saline/Content/PhotoR_Landscape_4/Materials/LandscapeLayers/island_Sand_a_LayerInfo.uasset" 1005
"../../../saline/Content/PhotoR_Landscape_4/Materials/LandscapeLayers/island_Sand_b_LayerInfo.uasset" 1006
"../../../saline/Content/PhotoR_Landscape_4/Materials/LandscapeLayers/island_Sand_c_LayerInfo.uasset" 1007
"../../../saline/Content/PhotoR_Landscape_4/Textures/desert_sand_a_d.uasset" 1008
"../../../saline/Content/PhotoR_Landscape_4/Textures/desert_sand_a_n.uasset" 1009
"../../../saline/Content/PhotoR_Landscape_4/Textures/desert_sand_c_d.uasset" 1010
"../../../saline/Content/PhotoR_Landscape_4/Textures/desert_sand_c_n.uasset" 1011
"../../../saline/Content/PhotoR_Landscape_4/Textures/desert_sand_d_d.uasset" 1012
"../../../saline/Content/PhotoR_Landscape_4/Textures/desert_sand_d_n.uasset" 1013
"../../../saline/Content/PhotoR_Landscape_4/Textures/island_area_map.uasset" 1014
"../../../saline/Content/PhotoR_Landscape_4/Materials/PR_Island.uasset" 1015
"../../../saline/Content/PhotoR_Landscape_4/Textures/sand_spec.uasset" 1016
"../../../saline/Content/PhotoR_Landscape_4/Materials/PR_Island_Inst.uasset" 1017
"../../../Engine/Content/Functions/Engine_MaterialFunctions02/Math/TimeWithSpeedVariable.uasset" 1018
"../../../Engine/Content/Functions/Engine_MaterialFunctions02/SafeNormalize.uasset" 1019
"../../../saline/Content/PhotoR_Landscape_4/Textures/water_a.uasset" 1020
"../../../saline/Content/PhotoR_Landscape_4/Textures/water_b.uasset" 1021
"../../../saline/Content/PhotoR_Landscape_4/Materials/Water_a.uasset" 1022
"../../../saline/Content/PhotoR_Landscape_4/Materials/Water_a_inst.uasset" 1023
"../../../Engine/Content/BasicShapes/Cylinder.uasset" 1024
"../../../saline/Content/PhotoR_Landscape_4/Maps/Photorealistic_Island.umap" 1025
"../../../saline/Content/PhotoR_Landscape_4/Textures/island_b__area_map.uasset" 1026
"../../../saline/Content/PhotoR_Landscape_4/Materials/PR_Island_b.uasset" 1027
"../../../saline/Content/PhotoR_Landscape_4/Materials/PR_Island_b_Inst.uasset" 1028
"../../../saline/Content/PhotoR_Landscape_4/Maps/Photorealistic_Island_b.umap" 1029
"../../../Engine/Content/Maps/Entry.umap" 1030
"../../../saline/Content/PhotoR_Landscape_4/Foliage/GrassTypes/lake_mud.uasset" 1031
"../../../saline/Content/PhotoR_Landscape_4/Foliage/GrassTypes/lowland_b_1.uasset" 1032
"../../../saline/Content/PhotoR_Landscape_4/Foliage/GrassTypes/lowland_b_3.uasset" 1033
"../../../saline/Content/PhotoR_Landscape_4/Foliage/GrassTypes/lowland_b_6.uasset" 1034
"../../../saline/Content/PhotoR_Landscape_4/Materials/LandscapeLayers/Layer_1_LayerInfo.uasset" 1035
"../../../saline/Content/PhotoR_Landscape_4/Materials/LandscapeLayers/Layer_2_LayerInfo.uasset" 1036
"../../../saline/Content/PhotoR_Landscape_4/Materials/LandscapeLayers/Layer_3_LayerInfo.uasset" 1037
"../../../saline/Content/PhotoR_Landscape_4/Materials/LandscapeLayers/Layer_4_LayerInfo.uasset" 1038
"../../../saline/Content/PhotoR_Landscape_4/Materials/LandscapeLayers/Layer_5_LayerInfo.uasset" 1039
"../../../saline/Content/PhotoR_Landscape_4/Materials/LandscapeLayers/Layer_6_LayerInfo.uasset" 1040
"../../../saline/Content/PhotoR_Landscape_4/Materials/LandscapeLayers/Layer_7_LayerInfo.uasset" 1041
"../../../saline/Content/PhotoR_Landscape_4/Textures/N_ground_a_d.uasset" 1042
"../../../saline/Content/PhotoR_Landscape_4/Textures/N_ground_a_n.uasset" 1043
"../../../saline/Content/PhotoR_Landscape_4/Textures/N_ground_c_d.uasset" 1044
"../../../saline/Content/PhotoR_Landscape_4/Textures/N_ground_c_n.uasset" 1045
"../../../saline/Content/PhotoR_Landscape_4/Textures/N_ground_e_d.uasset" 1046
"../../../saline/Content/PhotoR_Landscape_4/Textures/N_ground_e_n.uasset" 1047
"../../../saline/Content/PhotoR_Landscape_4/Materials/global_splat_lake.uasset" 1048
"../../../saline/Content/PhotoR_Landscape_4/Textures/N_ground_a_s.uasset" 1049
"../../../saline/Content/PhotoR_Landscape_4/Textures/N_ground_b_d.uasset" 1050
"../../../saline/Content/PhotoR_Landscape_4/Textures/N_ground_b_n.uasset" 1051
"../../../saline/Content/PhotoR_Landscape_4/Textures/N_ground_b_s.uasset" 1052
"../../../saline/Content/PhotoR_Landscape_4/Textures/N_ground_c_s.uasset" 1053
"../../../saline/Content/PhotoR_Landscape_4/Textures/N_ground_e_s.uasset" 1054
"../../../saline/Content/PhotoR_Landscape_4/Textures/N_ground_f_d.uasset" 1055
"../../../saline/Content/PhotoR_Landscape_4/Textures/N_ground_f_n.uasset" 1056
"../../../saline/Content/PhotoR_Landscape_4/Textures/N_ground_f_s.uasset" 1057
"../../../saline/Content/PhotoR_Landscape_4/Materials/PR_Lake.uasset" 1058
"../../../saline/Content/PhotoR_Landscape_4/Materials/PR_Lake_Inst.uasset" 1059
"../../../saline/Content/PhotoR_Landscape_4/Maps/Photorealistic_Lakes.umap" 1060
"../../../saline/Content/PhotoR_Landscape_4/Materials/LandscapeLayers/Valley_a_Grass_a_LayerInfo.uasset" 1061
"../../../saline/Content/PhotoR_Landscape_4/Materials/LandscapeLayers/Valley_a_Grass_b_LayerInfo.uasset" 1062
"../../../saline/Content/PhotoR_Landscape_4/Materials/LandscapeLayers/Valley_a_Ground_a_LayerInfo.uasset" 1063
"../../../saline/Content/PhotoR_Landscape_4/Materials/LandscapeLayers/Valley_a_Ground_b_LayerInfo.uasset" 1064
"../../../saline/Content/PhotoR_Landscape_4/Materials/LandscapeLayers/Valley_a_Ground_c_LayerInfo.uasset" 1065
"../../../saline/Content/PhotoR_Landscape_4/Materials/PR_Lowland_a.uasset" 1066
"../../../saline/Content/PhotoR_Landscape_4/Maps/Photorealistic_Lowland_1.umap" 1067
"../../../saline/Content/PhotoR_Landscape_4/Foliage/GrassTypes/lowland_b_2.uasset" 1068
"../../../saline/Content/PhotoR_Landscape_4/Foliage/GrassTypes/lowland_b_4.uasset" 1069
"../../../saline/Content/PhotoR_Landscape_4/Foliage/GrassTypes/lowland_b_5.uasset" 1070
"../../../saline/Content/PhotoR_Landscape_4/Textures/N_grass_c_d.uasset" 1071
"../../../saline/Content/PhotoR_Landscape_4/Textures/N_grass_c_n.uasset" 1072
"../../../saline/Content/PhotoR_Landscape_4/Textures/N_ground_h_d.uasset" 1073
"../../../saline/Content/PhotoR_Landscape_4/Textures/N_ground_h_n.uasset" 1074
"../../../saline/Content/PhotoR_Landscape_4/Materials/global_splat_lowland_b.uasset" 1075
"../../../saline/Content/PhotoR_Landscape_4/Foliage/GrassTypes/lowland_b_7.uasset" 1076
"../../../saline/Content/PhotoR_Landscape_4/Textures/N_grass_c_s.uasset" 1077
"../../../saline/Content/PhotoR_Landscape_4/Textures/N_ground_h_s.uasset" 1078
"../../../saline/Content/PhotoR_Landscape_4/Materials/PR_Lowland_b.uasset" 1079
"../../../saline/Content/PhotoR_Landscape_4/Materials/PR_Lowland_b_Inst.uasset" 1080
"../../../saline/Content/PhotoR_Landscape_4/Maps/Photorealistic_Lowland_2.umap" 1081
"../../../saline/Content/PhotoR_Landscape_4/Materials/global_splat_plain.uasset" 1082
"../../../saline/Content/PhotoR_Landscape_4/Materials/PR_Plain_a_Inst.uasset" 1083
"../../../saline/Content/PhotoR_Landscape_4/Textures/plain_n.uasset" 1084
"../../../saline/Content/PhotoR_Landscape_4/Textures/plain_splat.uasset" 1085
"../../../saline/Content/PhotoR_Landscape_4/Materials/plain_fake.uasset" 1086
"../../../saline/Content/PhotoR_Landscape_4/Meshes/plain_fake_D.uasset" 1087
"../../../saline/Content/PhotoR_Landscape_4/Meshes/plain_fake_L.uasset" 1088
"../../../saline/Content/PhotoR_Landscape_4/Meshes/plain_fake_R.uasset" 1089
"../../../saline/Content/PhotoR_Landscape_4/Meshes/plain_fake_U.uasset" 1090
"../../../saline/Content/PhotoR_Landscape_4/Maps/Photorealistic_Plain_1.umap" 1091
"../../../saline/Content/PhotoR_Landscape_4/Materials/global_splat_valley.uasset" 1092
"../../../saline/Content/PhotoR_Landscape_4/Materials/MaterialLayers/Slope_rock_b.uasset" 1093
"../../../saline/Content/PhotoR_Landscape_4/Materials/PR_Valley.uasset" 1094
"../../../saline/Content/PhotoR_Landscape_4/Materials/PR_Valley_Inst.uasset" 1095
"../../../saline/Content/PhotoR_Landscape_4/Meshes/valley_b_fake_L.uasset" 1096
"../../../saline/Content/PhotoR_Landscape_4/Meshes/valley_b_fake_R.uasset" 1097
"../../../saline/Content/PhotoR_Landscape_4/Meshes/valley_b_fake_U.uasset" 1098
"../../../saline/Content/PhotoR_Landscape_4/Maps/Photorealistic_Valley_1.umap" 1099
"../../../saline/Content/WaterPlane/Lake/Materials/M_LakeWater_01.uasset" 1100
"../../../saline/Content/WaterPlane/Lake/Materials/M_LakeWater_01_Inst.uasset" 1101
"../../../saline/Content/WaterPlane/Ocean/Materials/M_OceanWater_1_Inst.uasset" 1102
"../../../saline/Content/WaterPlane/Meshes/SM_OceanWater.uasset" 1103
"../../../saline/Content/WaterPlane/Lake/Blueprint/BP_LakeWater.uasset" 1104
"../../../saline/Content/WaterPlane/Environment/Textures/T_Detail_Rocky_N.uasset" 1105
"../../../saline/Content/WaterPlane/Environment/Textures/T_Rock_Basalt_D.uasset" 1106
"../../../saline/Content/WaterPlane/Environment/Textures/T_RockMesh_M.uasset" 1107
"../../../saline/Content/WaterPlane/Environment/Textures/T_RockMesh_N.uasset" 1108
"../../../saline/Content/WaterPlane/Environment/Props/Materials/M_Rock.uasset" 1109
"../../../saline/Content/WaterPlane/Environment/Props/SM_Rock.uasset" 1110
"../../../saline/Content/WaterPlane/Maps/LakeWater_Example.umap" 1111
"../../../saline/Content/WaterPlane/Ocean/Blueprint/BP_OceanWater.uasset" 1112
"../../../saline/Content/WaterPlane/Maps/OceanWater_Example.umap" 1113
"../../../saline/Content/WaterPlane/Translucent/Blueprint/BP_TranslucentWater.uasset" 1114
"../../../saline/Content/WaterPlane/Environment/Textures/T_MacroVariation.uasset" 1115
"../../../saline/Content/WaterPlane/Environment/Textures/T_Perlin_Noise_M.uasset" 1116
"../../../saline/Content/WaterPlane/Environment/Textures/T_Rock_Basalt_N.uasset" 1117
"../../../saline/Content/WaterPlane/Environment/Materials/M_Rock_Basalt.uasset" 1118
"../../../saline/Content/WaterPlane/Maps/TranslucentWater_Example.umap" 1119
